2025-08-02 14:06:38,987 [INFO] Activator:176 - 


2025-08-02 14:06:38,988 [INFO] Activator:177 - !SESSION log4j initialized
2025-08-02 14:06:41,235 [INFO] LogOutputStream:77 - [STDOUT_REDIRECT] 
2025-08-02 14:06:43,449 [INFO] ApplicationProperties:184 - Using Application install path: C:\ST\STM32CubeIDE_1.18.0\STM32CubeIDE\plugins\com.st.stm32cube.common.mx_6.14.0.202502271554
2025-08-02 14:06:43,462 [INFO] DbMcusXml:78 - Set database path to: C:\ST\STM32CubeIDE_1.18.0\STM32CubeIDE\plugins\com.st.stm32cube.common.mx_6.14.0.202502271554\\db\/mcu/
2025-08-02 14:06:43,462 [INFO] ApiDb:274 - Set plugin database path to: C:\ST\STM32CubeIDE_1.18.0\STM32CubeIDE\plugins\com.st.stm32cube.common.mx_6.14.0.202502271554\\db\/plugins/boardmanager/
2025-08-02 14:06:43,462 [WARN] ApiDb:259 - Overriding images path with different value:  => C:\ST\STM32CubeIDE_1.18.0\STM32CubeIDE\plugins\com.st.stm32cube.common.mx_6.14.0.202502271554\\db\/plugins/mcufinder/images/
2025-08-02 14:06:43,466 [INFO] ApiDb:250 - Set database path to: C:\Users\ignacio\.stmcufinder\plugins\mcufinder//mcu/
2025-08-02 14:06:43,467 [INFO] DbMcusAds:125 - Set database path to: C:\Users\ignacio\.stmcufinder\plugins\mcufinder//mcu/
2025-08-02 14:06:43,469 [INFO] CrossReferenceDbSqlite:203 - Set database path to: C:\Users\ignacio\.stmcufinder\plugins\mcufinder//mcu/cs/
2025-08-02 14:06:43,569 [INFO] RulesReader:64 - Compatibility file has been processed (301 Rules)
2025-08-02 14:06:43,626 [INFO] DbMcusXml:78 - Set database path to: C:\ST\STM32CubeIDE_1.18.0\STM32CubeIDE\plugins\com.st.stm32cube.common.mx_6.14.0.202502271554\\db\/mcu/
2025-08-02 14:06:43,627 [INFO] ApiDb:274 - Set plugin database path to: C:\ST\STM32CubeIDE_1.18.0\STM32CubeIDE\plugins\com.st.stm32cube.common.mx_6.14.0.202502271554\\db\/plugins/boardmanager/
2025-08-02 14:06:43,627 [INFO] ApiDb:261 - Set plugin images path to: C:\ST\STM32CubeIDE_1.18.0\STM32CubeIDE\plugins\com.st.stm32cube.common.mx_6.14.0.202502271554\\db\/plugins/mcufinder/images/
2025-08-02 14:06:43,627 [WARN] DbFile:41 - Overriding database path with different value: C:\Users\ignacio\.stmcufinder\plugins\mcufinder/ => C:\Users\ignacio\.stmcufinder\plugins\mcufinder
2025-08-02 14:06:43,627 [INFO] ApiDb:250 - Set database path to: C:\Users\ignacio\.stmcufinder\plugins\mcufinder//mcu/
2025-08-02 14:06:43,627 [WARN] DbFile:41 - Overriding database path with different value: C:\Users\ignacio\.stmcufinder\plugins\mcufinder/ => C:\Users\ignacio\.stmcufinder\plugins\mcufinder
2025-08-02 14:06:43,627 [INFO] DbMcusAds:125 - Set database path to: C:\Users\ignacio\.stmcufinder\plugins\mcufinder//mcu/
2025-08-02 14:06:43,627 [WARN] DbFile:41 - Overriding database path with different value: C:\Users\ignacio\.stmcufinder\plugins\mcufinder/ => C:\Users\ignacio\.stmcufinder\plugins\mcufinder
2025-08-02 14:06:43,627 [WARN] DbFile:41 - Overriding database path with different value: C:\Users\ignacio\.stmcufinder\plugins\mcufinder/ => C:\Users\ignacio\.stmcufinder\plugins\mcufinder
2025-08-02 14:06:43,627 [INFO] CrossReferenceDbSqlite:203 - Set database path to: C:\Users\ignacio\.stmcufinder\plugins\mcufinder//mcu/cs/
2025-08-02 14:06:43,678 [INFO] MainPanel:272 - HeapMemory: 268435456
2025-08-02 14:06:43,739 [INFO] DbMcusXml:78 - Set database path to: C:\ST\STM32CubeIDE_1.18.0\STM32CubeIDE\plugins\com.st.stm32cube.common.mx_6.14.0.202502271554\\db\/mcu/
2025-08-02 14:06:43,739 [INFO] ApiDb:274 - Set plugin database path to: C:\ST\STM32CubeIDE_1.18.0\STM32CubeIDE\plugins\com.st.stm32cube.common.mx_6.14.0.202502271554\\db\/plugins/boardmanager/
2025-08-02 14:06:43,739 [INFO] ApiDb:261 - Set plugin images path to: C:\ST\STM32CubeIDE_1.18.0\STM32CubeIDE\plugins\com.st.stm32cube.common.mx_6.14.0.202502271554\\db\/plugins/mcufinder/images/
2025-08-02 14:06:43,739 [WARN] DbFile:41 - Overriding database path with different value: C:\Users\ignacio\.stmcufinder\plugins\mcufinder/ => C:\Users\ignacio\.stmcufinder\plugins\mcufinder
2025-08-02 14:06:43,739 [INFO] ApiDb:250 - Set database path to: C:\Users\ignacio\.stmcufinder\plugins\mcufinder//mcu/
2025-08-02 14:06:43,739 [WARN] DbFile:41 - Overriding database path with different value: C:\Users\ignacio\.stmcufinder\plugins\mcufinder/ => C:\Users\ignacio\.stmcufinder\plugins\mcufinder
2025-08-02 14:06:43,739 [INFO] DbMcusAds:125 - Set database path to: C:\Users\ignacio\.stmcufinder\plugins\mcufinder//mcu/
2025-08-02 14:06:43,739 [WARN] DbFile:41 - Overriding database path with different value: C:\Users\ignacio\.stmcufinder\plugins\mcufinder/ => C:\Users\ignacio\.stmcufinder\plugins\mcufinder
2025-08-02 14:06:43,739 [WARN] DbFile:41 - Overriding database path with different value: C:\Users\ignacio\.stmcufinder\plugins\mcufinder/ => C:\Users\ignacio\.stmcufinder\plugins\mcufinder
2025-08-02 14:06:43,739 [INFO] CrossReferenceDbSqlite:203 - Set database path to: C:\Users\ignacio\.stmcufinder\plugins\mcufinder//mcu/cs/
2025-08-02 14:06:43,754 [INFO] ApplicationProperties:184 - Using Application install path: C:\ST\STM32CubeIDE_1.18.0\STM32CubeIDE\plugins\com.st.stm32cube.common.mx_6.14.0.202502271554
2025-08-02 14:06:43,756 [INFO] PluginManage:196 - Search for loadable plugins [exclusion list=, ]
2025-08-02 14:06:43,757 [INFO] PluginManage:310 - Check plugin analytics
2025-08-02 14:06:43,931 [INFO] AnalyticsPlugin:253 - Accepted Software Licenses: 
2025-08-02 14:06:43,931 [INFO] AnalyticsPlugin:255 - Accepted CMSIS Pack Licenses: 
2025-08-02 14:06:43,932 [INFO] AnalyticsPlugin:257 - Accepted Firmware Licenses: 
2025-08-02 14:06:43,934 [INFO] PluginManage:359 - Loaded plugin analytics (category:tool,tabindex:-1)
2025-08-02 14:06:43,935 [INFO] PluginManage:310 - Check plugin cadmodel
2025-08-02 14:06:43,940 [INFO] CADModel:105 - Init CAD model plugin
2025-08-02 14:06:43,940 [INFO] PluginManage:359 - Loaded plugin cadmodel (category:power,tabindex:5)
2025-08-02 14:06:43,941 [INFO] PluginManage:310 - Check plugin clock
2025-08-02 14:06:43,950 [INFO] PluginManage:359 - Loaded plugin clock (category:base,tabindex:2)
2025-08-02 14:06:43,950 [INFO] PluginManage:310 - Check plugin ddr
2025-08-02 14:06:43,952 [INFO] PluginManage:359 - Loaded plugin ddr (category:tool,tabindex:6)
2025-08-02 14:06:43,953 [INFO] PluginManage:310 - Check plugin filemanager
2025-08-02 14:06:44,151 [INFO] PluginManage:359 - Loaded plugin filemanager (category:base,tabindex:10)
2025-08-02 14:06:44,151 [INFO] PluginManage:310 - Check plugin ipmanager
2025-08-02 14:06:44,158 [INFO] PluginManage:359 - Loaded plugin ipmanager (category:base,tabindex:5)
2025-08-02 14:06:44,158 [INFO] PluginManage:310 - Check plugin lpbam
2025-08-02 14:06:44,165 [INFO] PluginManage:359 - Loaded plugin lpbam (category:base,tabindex:0)
2025-08-02 14:06:44,165 [INFO] PluginManage:310 - Check plugin memorymap
2025-08-02 14:06:44,173 [INFO] PluginManage:359 - Loaded plugin memorymap (category:base,tabindex:4)
2025-08-02 14:06:44,173 [INFO] PluginManage:310 - Check plugin pinoutandconfiguration
2025-08-02 14:06:44,180 [INFO] PluginManage:359 - Loaded plugin pinoutandconfiguration (category:base,tabindex:1)
2025-08-02 14:06:44,180 [INFO] PluginManage:310 - Check plugin pinoutconfig
2025-08-02 14:06:44,263 [WARN] SupportedApi:132 - Cannot load RTOS API schema: s4s-elt-must-match.1: The content of 'definitions' must match (annotation?, (simpleType | complexType)?, (unique | key | keyref)*)). A problem was found starting at: attribute.
2025-08-02 14:06:44,381 [INFO] PluginManage:359 - Loaded plugin pinoutconfig (category:base,tabindex:0)
2025-08-02 14:06:44,381 [INFO] PluginManage:310 - Check plugin power
2025-08-02 14:06:44,390 [INFO] PluginManage:359 - Loaded plugin power (category:power,tabindex:4)
2025-08-02 14:06:44,390 [INFO] PluginManage:310 - Check plugin projectmanager
2025-08-02 14:06:44,405 [INFO] PluginManage:359 - Loaded plugin projectmanager (category:projectmanager,tabindex:4)
2025-08-02 14:06:44,405 [INFO] PluginManage:310 - Check plugin rif
2025-08-02 14:06:44,414 [INFO] PluginManage:359 - Loaded plugin rif (category:base,tabindex:3)
2025-08-02 14:06:44,414 [INFO] PluginManage:310 - Check plugin thirdparty
2025-08-02 14:06:44,528 [INFO] PluginManage:359 - Loaded plugin thirdparty (category:base,tabindex:-1)
2025-08-02 14:06:44,528 [WARN] IntegrityCheckThread:84 - waiting for thirdparty lock release [integrity check]
2025-08-02 14:06:44,530 [INFO] PluginManage:310 - Check plugin tools
2025-08-02 14:06:44,530 [INFO] IntegrityCheckThread:86 - entering critical section [integrity check]
2025-08-02 14:06:44,530 [INFO] ThirdPartyUpdaterWithRetryManager:70 - Updater plugin not ready yet. [1/15]
2025-08-02 14:06:44,533 [INFO] PluginManage:359 - Loaded plugin tools (category:base,tabindex:7)
2025-08-02 14:06:44,533 [INFO] PluginManage:310 - Check plugin tutovideos
2025-08-02 14:06:44,708 [INFO] PluginManage:359 - Loaded plugin tutovideos (category:base,tabindex:-1)
2025-08-02 14:06:44,708 [INFO] PluginManage:310 - Check plugin updater
2025-08-02 14:06:44,725 [INFO] PluginManage:359 - Loaded plugin updater (category:base,tabindex:12)
2025-08-02 14:06:44,725 [INFO] PluginManage:310 - Check plugin userauth
2025-08-02 14:06:44,730 [INFO] UserAuth:118 - Init User Auth plugin
2025-08-02 14:06:44,731 [INFO] PluginManage:359 - Loaded plugin userauth (category:base,tabindex:14)
2025-08-02 14:06:44,732 [INFO] PluginManage:283 - PluginManage : Loaded plugins [18]
2025-08-02 14:06:44,914 [INFO] PinOutPanel:1589 - setPackage(No Configuration,No Configuration)
2025-08-02 14:06:44,992 [INFO] CADModel:165 - CPN selected for project level
2025-08-02 14:06:44,992 [INFO] CADModel:114 - Register for checkConnection events
2025-08-02 14:06:45,010 [INFO] IPUIPlugin:80 - create IPUIPlugin
2025-08-02 14:06:45,010 [INFO] PluginManager:220 - loadIPPluginJar : add adc
2025-08-02 14:06:45,013 [INFO] IPUIPlugin:80 - create IPUIPlugin
2025-08-02 14:06:45,013 [INFO] PluginManager:220 - loadIPPluginJar : add aes
2025-08-02 14:06:45,015 [INFO] IPUIPlugin:80 - create IPUIPlugin
2025-08-02 14:06:45,015 [INFO] PluginManager:220 - loadIPPluginJar : add can
2025-08-02 14:06:45,017 [INFO] IPUIPlugin:80 - create IPUIPlugin
2025-08-02 14:06:45,017 [INFO] PluginManager:220 - loadIPPluginJar : add comp
2025-08-02 14:06:45,020 [INFO] IPUIPlugin:80 - create IPUIPlugin
2025-08-02 14:06:45,020 [INFO] PluginManager:220 - loadIPPluginJar : add cryp
2025-08-02 14:06:45,022 [INFO] IPUIPlugin:80 - create IPUIPlugin
2025-08-02 14:06:45,022 [INFO] PluginManager:220 - loadIPPluginJar : add ddr_ctrl_phy
2025-08-02 14:06:45,024 [INFO] IPUIPlugin:80 - create IPUIPlugin
2025-08-02 14:06:45,025 [INFO] PluginManager:220 - loadIPPluginJar : add dfsdm
2025-08-02 14:06:45,030 [INFO] IPUIPlugin:80 - create IPUIPlugin
2025-08-02 14:06:45,030 [INFO] PluginManager:220 - loadIPPluginJar : add dma
2025-08-02 14:06:45,033 [INFO] IPUIPlugin:80 - create IPUIPlugin
2025-08-02 14:06:45,033 [INFO] PluginManager:220 - loadIPPluginJar : add dma3
2025-08-02 14:06:45,037 [INFO] IPUIPlugin:80 - create IPUIPlugin
2025-08-02 14:06:45,038 [INFO] PluginManager:220 - loadIPPluginJar : add extmemmanager
2025-08-02 14:06:45,040 [INFO] IPUIPlugin:80 - create IPUIPlugin
2025-08-02 14:06:45,040 [INFO] PluginManager:220 - loadIPPluginJar : add fatfs
2025-08-02 14:06:45,044 [INFO] IPUIPlugin:80 - create IPUIPlugin
2025-08-02 14:06:45,044 [INFO] PluginManager:220 - loadIPPluginJar : add fmc
2025-08-02 14:06:45,049 [INFO] IPUIPlugin:80 - create IPUIPlugin
2025-08-02 14:06:45,049 [INFO] PluginManager:220 - loadIPPluginJar : add freertos
2025-08-02 14:06:45,050 [INFO] IPUIPlugin:80 - create IPUIPlugin
2025-08-02 14:06:45,050 [INFO] PluginManager:220 - loadIPPluginJar : add genericplugin
2025-08-02 14:06:45,052 [INFO] IPUIPlugin:80 - create IPUIPlugin
2025-08-02 14:06:45,052 [INFO] PluginManager:220 - loadIPPluginJar : add gfxmmu
2025-08-02 14:06:45,056 [INFO] IPUIPlugin:80 - create IPUIPlugin
2025-08-02 14:06:45,056 [INFO] PluginManager:220 - loadIPPluginJar : add gic
2025-08-02 14:06:45,061 [INFO] IPUIPlugin:80 - create IPUIPlugin
2025-08-02 14:06:45,061 [INFO] PluginManager:220 - loadIPPluginJar : add gpio
2025-08-02 14:06:45,064 [INFO] IPUIPlugin:80 - create IPUIPlugin
2025-08-02 14:06:45,064 [INFO] PluginManager:220 - loadIPPluginJar : add gtzc
2025-08-02 14:06:45,066 [INFO] IPUIPlugin:80 - create IPUIPlugin
2025-08-02 14:06:45,066 [INFO] PluginManager:220 - loadIPPluginJar : add hash
2025-08-02 14:06:45,069 [INFO] IPUIPlugin:80 - create IPUIPlugin
2025-08-02 14:06:45,069 [INFO] PluginManager:220 - loadIPPluginJar : add i2c
2025-08-02 14:06:45,073 [INFO] IPUIPlugin:80 - create IPUIPlugin
2025-08-02 14:06:45,073 [INFO] PluginManager:220 - loadIPPluginJar : add i2s
2025-08-02 14:06:45,077 [INFO] IPUIPlugin:80 - create IPUIPlugin
2025-08-02 14:06:45,077 [INFO] PluginManager:220 - loadIPPluginJar : add i3c
2025-08-02 14:06:45,080 [INFO] IPUIPlugin:80 - create IPUIPlugin
2025-08-02 14:06:45,080 [INFO] PluginManager:220 - loadIPPluginJar : add ipddr
2025-08-02 14:06:45,085 [INFO] IPUIPlugin:80 - create IPUIPlugin
2025-08-02 14:06:45,085 [INFO] PluginManager:220 - loadIPPluginJar : add linkedlist
2025-08-02 14:06:45,088 [INFO] IPUIPlugin:80 - create IPUIPlugin
2025-08-02 14:06:45,088 [INFO] PluginManager:220 - loadIPPluginJar : add lorawan
2025-08-02 14:06:45,090 [INFO] IPUIPlugin:80 - create IPUIPlugin
2025-08-02 14:06:45,090 [INFO] PluginManager:220 - loadIPPluginJar : add ltdc
2025-08-02 14:06:45,095 [INFO] IPUIPlugin:80 - create IPUIPlugin
2025-08-02 14:06:45,095 [INFO] PluginManager:220 - loadIPPluginJar : add mdma
2025-08-02 14:06:45,098 [INFO] IPUIPlugin:80 - create IPUIPlugin
2025-08-02 14:06:45,098 [INFO] PluginManager:220 - loadIPPluginJar : add nvic
2025-08-02 14:06:45,101 [INFO] IPUIPlugin:80 - create IPUIPlugin
2025-08-02 14:06:45,101 [INFO] PluginManager:220 - loadIPPluginJar : add opamp
2025-08-02 14:06:45,106 [INFO] IPUIPlugin:80 - create IPUIPlugin
2025-08-02 14:06:45,107 [INFO] PluginManager:220 - loadIPPluginJar : add openamp
2025-08-02 14:06:45,109 [INFO] IPUIPlugin:80 - create IPUIPlugin
2025-08-02 14:06:45,109 [INFO] PluginManager:220 - loadIPPluginJar : add pdm2pcm
2025-08-02 14:06:45,114 [INFO] IPUIPlugin:80 - create IPUIPlugin
2025-08-02 14:06:45,117 [INFO] PluginManager:220 - loadIPPluginJar : add plateformsettings
2025-08-02 14:06:45,118 [INFO] IPUIPlugin:80 - create IPUIPlugin
2025-08-02 14:06:45,118 [INFO] PluginManager:220 - loadIPPluginJar : add quadspi
2025-08-02 14:06:45,120 [INFO] IPUIPlugin:80 - create IPUIPlugin
2025-08-02 14:06:45,121 [INFO] PluginManager:220 - loadIPPluginJar : add radio
2025-08-02 14:06:45,123 [INFO] IPUIPlugin:80 - create IPUIPlugin
2025-08-02 14:06:45,123 [INFO] PluginManager:220 - loadIPPluginJar : add resmgrutility
2025-08-02 14:06:45,126 [INFO] IPUIPlugin:80 - create IPUIPlugin
2025-08-02 14:06:45,126 [INFO] PluginManager:220 - loadIPPluginJar : add sai
2025-08-02 14:06:45,127 [INFO] IPUIPlugin:80 - create IPUIPlugin
2025-08-02 14:06:45,127 [INFO] PluginManager:220 - loadIPPluginJar : add spi
2025-08-02 14:06:45,133 [INFO] IPUIPlugin:80 - create IPUIPlugin
2025-08-02 14:06:45,134 [INFO] PluginManager:220 - loadIPPluginJar : add stm32_wpan
2025-08-02 14:06:45,135 [INFO] IPUIPlugin:80 - create IPUIPlugin
2025-08-02 14:06:45,135 [INFO] PluginManager:220 - loadIPPluginJar : add tim
2025-08-02 14:06:45,139 [INFO] IPUIPlugin:80 - create IPUIPlugin
2025-08-02 14:06:45,139 [INFO] PluginManager:220 - loadIPPluginJar : add touchsensing
2025-08-02 14:06:45,141 [INFO] IPUIPlugin:80 - create IPUIPlugin
2025-08-02 14:06:45,142 [INFO] PluginManager:220 - loadIPPluginJar : add tracer_emb
2025-08-02 14:06:45,143 [INFO] IPUIPlugin:80 - create IPUIPlugin
2025-08-02 14:06:45,144 [INFO] PluginManager:220 - loadIPPluginJar : add ts
2025-08-02 14:06:45,144 [INFO] IPUIPlugin:80 - create IPUIPlugin
2025-08-02 14:06:45,144 [INFO] PluginManager:220 - loadIPPluginJar : add tsc
2025-08-02 14:06:45,146 [INFO] IPUIPlugin:80 - create IPUIPlugin
2025-08-02 14:06:45,146 [INFO] PluginManager:220 - loadIPPluginJar : add ucpd
2025-08-02 14:06:45,147 [INFO] IPUIPlugin:80 - create IPUIPlugin
2025-08-02 14:06:45,147 [INFO] PluginManager:220 - loadIPPluginJar : add usart
2025-08-02 14:06:45,150 [INFO] IPUIPlugin:80 - create IPUIPlugin
2025-08-02 14:06:45,150 [INFO] PluginManager:220 - loadIPPluginJar : add usbx
2025-08-02 14:06:45,283 [FATAL] Updater:351 - Updater called before beeing initialized
2025-08-02 14:06:45,305 [INFO] RulesReader:64 - Compatibility file has been processed (301 Rules)
2025-08-02 14:06:45,317 [INFO] RulesReader:64 - Compatibility file has been processed (301 Rules)
2025-08-02 14:06:45,325 [INFO] CADModel:165 - CPN selected for project level
2025-08-02 14:06:45,326 [INFO] CADModel:114 - Register for checkConnection events
2025-08-02 14:06:45,326 [FATAL] Updater:351 - Updater called before beeing initialized
2025-08-02 14:06:45,326 [ERROR] CADModel:125 - Updater not yet initialized, retry later 
2025-08-02 14:06:45,460 [FATAL] Updater:351 - Updater called before beeing initialized
2025-08-02 14:06:45,461 [INFO] CADModel:165 - CPN selected for project level
2025-08-02 14:06:45,461 [INFO] CADModel:114 - Register for checkConnection events
2025-08-02 14:06:45,462 [FATAL] Updater:351 - Updater called before beeing initialized
2025-08-02 14:06:45,462 [ERROR] CADModel:125 - Updater not yet initialized, retry later 
2025-08-02 14:06:45,464 [FATAL] Updater:351 - Updater called before beeing initialized
2025-08-02 14:06:45,569 [FATAL] Updater:351 - Updater called before beeing initialized
2025-08-02 14:06:45,575 [INFO] DbMcusAds:53 - JSON generation date=Thu Sep 30 03:55:09 ART 2021 (1632984909247)
2025-08-02 14:06:45,575 [FATAL] Updater:351 - Updater called before beeing initialized
2025-08-02 14:06:45,606 [WARN] DetailPanel:346 - Failed to get advertising image, set to default
2025-08-02 14:06:45,851 [FATAL] Updater:351 - Updater called before beeing initialized
2025-08-02 14:06:45,853 [FATAL] Updater:351 - Updater called before beeing initialized
2025-08-02 14:06:45,853 [FATAL] Updater:351 - Updater called before beeing initialized
2025-08-02 14:06:45,853 [WARN] DetailPanel:346 - Failed to get advertising image, set to default
2025-08-02 14:06:45,854 [FATAL] Updater:351 - Updater called before beeing initialized
2025-08-02 14:06:45,903 [ERROR] Updater:1198 - MainUpdater not yet initialized. External WinMGr cannot be set.
2025-08-02 14:06:45,905 [INFO] Updater:1134 - Updater Version found : 6.14.0
2025-08-02 14:06:45,915 [INFO] ApplicationProperties:184 - Using Application install path: C:\ST\STM32CubeIDE_1.18.0\STM32CubeIDE\plugins\com.st.stm32cube.common.mx_6.14.0.202502271554
2025-08-02 14:06:47,481 [ERROR] LogOutputStream:75 - [STDERR_REDIRECT] Aug 02, 2025 2:06:47 PM java.util.prefs.WindowsPreferences <init>
2025-08-02 14:06:47,483 [ERROR] LogOutputStream:75 - [STDERR_REDIRECT] WARNING: Could not open/create prefs root node Software\JavaSoft\Prefs at root 0xffffffff80000002. Windows RegCreateKeyEx(...) returned error code 5.
2025-08-02 14:06:47,483 [ERROR] LogOutputStream:75 - [STDERR_REDIRECT] 
2025-08-02 14:06:47,531 [INFO] ThirdPartyUpdaterWithRetryManager:70 - Updater plugin not ready yet. [2/15]
2025-08-02 14:06:47,680 [INFO] MainUpdater:2872 - connection check result : 10
2025-08-02 14:06:47,680 [INFO] MainUpdater:289 - Updater Check For Update Now.
2025-08-02 14:06:47,680 [INFO] MicroXplorer:498 - Change Database Version : DB.6.0.140
2025-08-02 14:06:47,688 [INFO] McuFinderGlobals:63 - Set McuFinder mode to 2 (CubeIDE integrated)
2025-08-02 14:06:47,688 [INFO] UserAuth:171 - activating auth plugin
2025-08-02 14:06:47,691 [INFO] UserAuth:486 - Internet connection configuration mode: 1
2025-08-02 14:06:47,712 [INFO] JxBrowserEngine:152 - Initiate JxBrowser Engine with user profile folder
2025-08-02 14:06:47,859 [INFO] CheckServerUpdateThread:120 - End of CheckServer Thread
2025-08-02 14:06:48,523 [INFO] WebApp:169 - Instantiating new browser for Auth
2025-08-02 14:06:49,131 [INFO] WebApp:463 - Apply proxy settings
2025-08-02 14:06:49,131 [INFO] WebApp:548 - Chromium requires no authentication
2025-08-02 14:06:49,136 [INFO] WebApp:491 - Direct internet connection detected
2025-08-02 14:06:49,155 [INFO] WebApp:894 - Register for checkConnection events
2025-08-02 14:06:49,155 [INFO] WebApp:463 - Apply proxy settings
2025-08-02 14:06:49,155 [INFO] WebApp:548 - Chromium requires no authentication
2025-08-02 14:06:49,155 [INFO] WebApp:491 - Direct internet connection detected
2025-08-02 14:06:49,292 [INFO] WebApp:225 - Starting web application
2025-08-02 14:06:49,293 [INFO] WebApp:593 - Web application path used C:\ST\STM32CubeIDE_1.18.0\STM32CubeIDE\plugins\com.st.stm32cube.common.mx_6.14.0.202502271554\db\plugins\mcufinder\reactClient1\index.html
2025-08-02 14:06:49,310 [INFO] WebApp:191 - Connection restablished
2025-08-02 14:06:50,748 [WARN] PackLoader:240 - Cannot read IP mode file for STMicroelectronics.FP-SNS-MOTENVWB1.1.4.0
2025-08-02 14:06:50,765 [WARN] PackLoader:240 - Cannot read IP mode file for STMicroelectronics.X-CUBE-SMBUS.2.1.0
2025-08-02 14:06:50,779 [WARN] PackLoader:240 - Cannot read IP mode file for STMicroelectronics.X-CUBE-ST60.1.0.0
2025-08-02 14:06:50,812 [WARN] PackLoader:240 - Cannot read IP mode file for STMicroelectronics.X-CUBE-AZRTOS-F7.1.1.0
2025-08-02 14:06:50,845 [WARN] PackLoader:240 - Cannot read IP mode file for Infineon.AIROC-Wi-Fi-Bluetooth-STM32.1.7.1
2025-08-02 14:06:50,878 [WARN] PackLoader:240 - Cannot read IP mode file for STMicroelectronics.X-CUBE-AZRTOS-H7.3.4.0
2025-08-02 14:06:50,889 [WARN] PackLoader:240 - Cannot read IP mode file for STMicroelectronics.X-CUBE-DISPLAY.3.0.0
2025-08-02 14:06:50,901 [WARN] PackLoader:240 - Cannot read IP mode file for STMicroelectronics.X-CUBE-NFC10.1.0.0
2025-08-02 14:06:50,907 [WARN] PackLoader:240 - Cannot read IP mode file for emotas.I-CUBE-CANOPEN.1.3.0
2025-08-02 14:06:50,910 [ERROR] Engine:466 - C:\Users\ignacio\.stm32cubemx\thirdparties\pdsc\STMicroelectronics.FP-SNS-STBOX1.2.1.0.pdsc: PDSC version is not supported
2025-08-02 14:06:50,915 [WARN] PackLoader:240 - Cannot read IP mode file for STMicroelectronics.FP-SNS-SMARTAG2.1.2.0
2025-08-02 14:06:50,925 [INFO] LogOutputStream:77 - [STDOUT_REDIRECT] 1 : Invalid condition id : UX_CORESTACK_Condition cause : null
2025-08-02 14:06:50,926 [INFO] LogOutputStream:77 - [STDOUT_REDIRECT] 1 : Invalid condition id : UX_CORESTACK_Condition cause : null
2025-08-02 14:06:50,927 [INFO] LogOutputStream:77 - [STDOUT_REDIRECT] 1 : Invalid condition id : UX_CORESTACK_Condition cause : null
2025-08-02 14:06:50,928 [INFO] LogOutputStream:77 - [STDOUT_REDIRECT] 1 : Invalid condition id : UX_CORESTACK_Condition cause : null
2025-08-02 14:06:50,930 [INFO] LogOutputStream:77 - [STDOUT_REDIRECT] 1 : Invalid condition id : UX_CORESTACK_Condition cause : null
2025-08-02 14:06:50,940 [WARN] PackLoader:240 - Cannot read IP mode file for STMicroelectronics.X-CUBE-AZRTOS-WL.2.0.0
2025-08-02 14:06:50,948 [WARN] PackLoader:240 - Cannot read IP mode file for STMicroelectronics.FP-SNS-MOTENV1.5.0.0
2025-08-02 14:06:50,960 [WARN] PackLoader:240 - Cannot read IP mode file for WES.I-CUBE-Cesium.1.3.0
2025-08-02 14:06:50,967 [WARN] PackLoader:240 - Cannot read IP mode file for STMicroelectronics.X-CUBE-BLE2.3.3.0
2025-08-02 14:06:50,975 [WARN] PackLoader:240 - Cannot read IP mode file for STMicroelectronics.X-CUBE-NFC9.1.0.0
2025-08-02 14:06:50,985 [WARN] PackLoader:240 - Cannot read IP mode file for wolfSSL.I-CUBE-wolfSSL.5.8.2
2025-08-02 14:06:51,005 [WARN] PackLoader:240 - Cannot read IP mode file for STMicroelectronics.X-CUBE-BLE1.7.1.0
2025-08-02 14:06:51,010 [WARN] PackLoader:240 - Cannot read IP mode file for wolfSSL.I-CUBE-wolfMQTT.1.19.2
2025-08-02 14:06:51,017 [WARN] PackLoader:240 - Cannot read IP mode file for STMicroelectronics.X-CUBE-EEPRMA1.5.2.0
2025-08-02 14:06:51,040 [WARN] PackLoader:240 - Cannot read IP mode file for STMicroelectronics.X-CUBE-AZRTOS-G0.1.1.0
2025-08-02 14:06:51,049 [WARN] PackLoader:240 - Cannot read IP mode file for STMicroelectronics.X-CUBE-SAFEA1.1.2.2
2025-08-02 14:06:51,056 [WARN] PackLoader:240 - Cannot read IP mode file for STMicroelectronics.X-CUBE-NFC4.3.0.0
2025-08-02 14:06:51,064 [WARN] PackLoader:240 - Cannot read IP mode file for EmbeddedOffice.I-CUBE-FS-RTOS.1.0.1
2025-08-02 14:06:51,069 [WARN] PackLoader:240 - Cannot read IP mode file for STMicroelectronics.X-CUBE-WB05N.2.0.0
2025-08-02 14:06:51,074 [WARN] PackLoader:240 - Cannot read IP mode file for wolfSSL.I-CUBE-wolfTPM.3.8.0
2025-08-02 14:06:51,078 [WARN] PackLoader:240 - Cannot read IP mode file for STMicroelectronics.X-CUBE-TCPP.4.2.0
2025-08-02 14:06:51,083 [WARN] PackLoader:240 - Cannot read IP mode file for RealThread.X-CUBE-RT-Thread_Nano.4.1.1
2025-08-02 14:06:51,087 [WARN] PackLoader:240 - Cannot read IP mode file for STMicroelectronics.FP-ATR-SIGFOX1.3.2.0
2025-08-02 14:06:51,092 [WARN] PackLoader:240 - Cannot read IP mode file for ITTIA_DB.I-CUBE-ITTIADB.8.9.0
2025-08-02 14:06:51,098 [WARN] PackLoader:240 - Cannot read IP mode file for STMicroelectronics.X-CUBE-ST67W61.1.0.0
2025-08-02 14:06:51,105 [WARN] PackLoader:240 - Cannot read IP mode file for STMicroelectronics.X-CUBE-AI.10.2.0
2025-08-02 14:06:51,126 [WARN] PackLoader:240 - Cannot read IP mode file for SEGGER.I-CUBE-embOS.1.3.1
2025-08-02 14:06:51,159 [WARN] PackLoader:240 - Cannot read IP mode file for STMicroelectronics.X-CUBE-ALGOBUILD.1.4.0
2025-08-02 14:06:51,206 [WARN] PackLoader:240 - Cannot read IP mode file for STMicroelectronics.X-CUBE-MEMS1.11.3.0
2025-08-02 14:06:51,318 [WARN] PackLoader:240 - Cannot read IP mode file for STMicroelectronics.X-CUBE-PM33A1.1.0.0
2025-08-02 14:06:51,332 [WARN] PackLoader:240 - Cannot read IP mode file for STMicroelectronics.X-CUBE-AZRTOS-F4.1.1.0
2025-08-02 14:06:51,338 [WARN] PackLoader:240 - Cannot read IP mode file for Avnet-IotConnect.X-CUBE-IoTC-DA16k-PMOD.1.0.0
2025-08-02 14:06:51,343 [WARN] PackLoader:240 - Cannot read IP mode file for STMicroelectronics.X-CUBE-ISPU.2.1.0
2025-08-02 14:06:51,348 [WARN] PackLoader:240 - Cannot read IP mode file for STMicroelectronics.X-CUBE-NFC12.1.0.0
2025-08-02 14:06:51,367 [WARN] PackLoader:240 - Cannot read IP mode file for STMicroelectronics.X-CUBE-AZRTOS-L5.2.0.0
2025-08-02 14:06:51,375 [WARN] PackLoader:240 - Cannot read IP mode file for STMicroelectronics.X-CUBE-NFC6.3.1.0
2025-08-02 14:06:51,382 [WARN] PackLoader:240 - Cannot read IP mode file for STMicroelectronics.X-CUBE-FREERTOS.1.3.1
2025-08-02 14:06:51,387 [WARN] PackLoader:240 - Cannot read IP mode file for STMicroelectronics.FP-SNS-STAIOTCFT.1.0.0
2025-08-02 14:06:51,391 [WARN] PackLoader:240 - Cannot read IP mode file for STMicroelectronics.X-CUBE-DPower.1.3.0
2025-08-02 14:06:51,405 [WARN] ConditionMgr:438 - getConditionDescription Invalid condition id : LAN8742 Phy interface Condition cause : null
2025-08-02 14:06:51,406 [WARN] PackLoader:240 - Cannot read IP mode file for STMicroelectronics.X-CUBE-AZRTOS-L4.2.0.0
2025-08-02 14:06:51,408 [WARN] ConditionMgr:1044 - genDependencies : Invalid condition id : LAN8742 Phy interface Condition cause : null
2025-08-02 14:06:51,408 [WARN] ConditionMgr:1044 - genDependencies : Invalid condition id : LAN8742 Phy interface Condition cause : null
2025-08-02 14:06:51,409 [WARN] ConditionMgr:1044 - genDependencies : Invalid condition id : LAN8742 Phy interface Condition cause : null
2025-08-02 14:06:51,423 [WARN] PackLoader:240 - Cannot read IP mode file for STMicroelectronics.X-CUBE-SFXS2LP1.4.0.0
2025-08-02 14:06:51,430 [WARN] PackLoader:240 - Cannot read IP mode file for STMicroelectronics.X-CUBE-BLEMGR.4.1.0
2025-08-02 14:06:51,447 [WARN] ConditionMgr:438 - getConditionDescription Invalid condition id : UX DEVICE CLASS RTOS Condition cause : null
2025-08-02 14:06:51,447 [WARN] ConditionMgr:438 - getConditionDescription Invalid condition id : UX DEVICE CLASS RTOS Condition cause : null
2025-08-02 14:06:51,449 [WARN] PackLoader:240 - Cannot read IP mode file for STMicroelectronics.X-CUBE-AZRTOS-WB.2.0.0
2025-08-02 14:06:51,449 [WARN] ConditionMgr:1044 - genDependencies : Invalid condition id : UX DEVICE CLASS RTOS Condition cause : null
2025-08-02 14:06:51,449 [WARN] ConditionMgr:1044 - genDependencies : Invalid condition id : UX DEVICE CLASS RTOS Condition cause : null
2025-08-02 14:06:51,450 [WARN] ConditionMgr:1044 - genDependencies : Invalid condition id : UX DEVICE CLASS RTOS Condition cause : null
2025-08-02 14:06:51,450 [WARN] ConditionMgr:1044 - genDependencies : Invalid condition id : UX DEVICE CLASS RTOS Condition cause : null
2025-08-02 14:06:51,450 [WARN] ConditionMgr:1044 - genDependencies : Invalid condition id : UX DEVICE CLASS RTOS Condition cause : null
2025-08-02 14:06:51,454 [WARN] PackLoader:240 - Cannot read IP mode file for STMicroelectronics.X-CUBE-GNSS1.7.0.1
2025-08-02 14:06:51,458 [WARN] PackLoader:240 - Cannot read IP mode file for STMicroelectronics.X-CUBE-TOUCHGFX.4.25.0
2025-08-02 14:06:51,463 [WARN] PackLoader:240 - Cannot read IP mode file for STMicroelectronics.FP-SNS-STBOX1.2.0.0
2025-08-02 14:06:51,468 [WARN] ConditionMgr:438 - getConditionDescription Invalid condition id : Cortex-A Device cause : null
2025-08-02 14:06:51,480 [WARN] ConditionMgr:1044 - genDependencies : Invalid condition id : Cortex-A Device cause : null
2025-08-02 14:06:51,480 [WARN] ConditionMgr:1044 - genDependencies : Invalid condition id : Cortex-A Device cause : null
2025-08-02 14:06:51,480 [WARN] ConditionMgr:1044 - genDependencies : Invalid condition id : Cortex-A Device cause : null
2025-08-02 14:06:51,487 [WARN] PackLoader:240 - Cannot read IP mode file for STMicroelectronics.X-CUBE-SUBG2.5.0.0
2025-08-02 14:06:51,501 [WARN] PackLoader:240 - Cannot read IP mode file for STMicroelectronics.X-CUBE-AZRTOS-H7RS.1.1.0
2025-08-02 14:06:51,508 [WARN] PackLoader:240 - Cannot read IP mode file for Cesanta.I-CUBE-Mongoose.7.13.0
2025-08-02 14:06:51,519 [WARN] PackLoader:240 - Cannot read IP mode file for STMicroelectronics.X-CUBE-AZRTOS-G4.2.0.0
2025-08-02 14:06:51,522 [WARN] PackLoader:240 - Cannot read IP mode file for wolfSSL.I-CUBE-wolfSSH.1.4.20
2025-08-02 14:06:51,526 [WARN] PackLoader:240 - Cannot read IP mode file for STMicroelectronics.X-CUBE-NFC7.2.0.0
2025-08-02 14:06:51,535 [WARN] PackLoader:240 - Cannot read IP mode file for STMicroelectronics.X-CUBE-IPS.3.1.0
2025-08-02 14:06:51,544 [WARN] PackLoader:240 - Cannot read IP mode file for STMicroelectronics.X-CUBE-ALS.1.0.2
2025-08-02 14:06:51,549 [WARN] PackLoader:240 - Cannot read IP mode file for portGmbH.I-Cube-SoM-uGOAL.1.1.0
2025-08-02 14:06:51,556 [WARN] PackLoader:240 - Cannot read IP mode file for STMicroelectronics.X-CUBE-TOF1.3.4.3
2025-08-02 14:06:51,563 [INFO] ThirdParty:978 - Integrity check success = true
2025-08-02 14:06:51,563 [INFO] IntegrityCheckThread:100 - exiting critical section [integrity check]
2025-08-02 14:06:51,563 [INFO] IntegrityCheckThread:103 - End integrity checks thread
2025-08-02 15:48:22,170 [ERROR] LogOutputStream:75 - [STDERR_REDIRECT] 
2025-08-02 15:48:37,938 [INFO] Activator:176 - 


2025-08-02 15:48:37,940 [INFO] Activator:177 - !SESSION log4j initialized
2025-08-02 15:48:42,829 [INFO] LogOutputStream:77 - [STDOUT_REDIRECT] 
2025-08-02 15:48:43,992 [INFO] ApplicationProperties:184 - Using Application install path: C:\ST\STM32CubeIDE_1.18.0\STM32CubeIDE\plugins\com.st.stm32cube.common.mx_6.14.0.202502271554
2025-08-02 15:48:44,005 [INFO] DbMcusXml:78 - Set database path to: C:\ST\STM32CubeIDE_1.18.0\STM32CubeIDE\plugins\com.st.stm32cube.common.mx_6.14.0.202502271554\\db\/mcu/
2025-08-02 15:48:44,005 [INFO] ApiDb:274 - Set plugin database path to: C:\ST\STM32CubeIDE_1.18.0\STM32CubeIDE\plugins\com.st.stm32cube.common.mx_6.14.0.202502271554\\db\/plugins/boardmanager/
2025-08-02 15:48:44,005 [WARN] ApiDb:259 - Overriding images path with different value:  => C:\ST\STM32CubeIDE_1.18.0\STM32CubeIDE\plugins\com.st.stm32cube.common.mx_6.14.0.202502271554\\db\/plugins/mcufinder/images/
2025-08-02 15:48:44,010 [INFO] ApiDb:250 - Set database path to: C:\Users\ignacio\.stmcufinder\plugins\mcufinder//mcu/
2025-08-02 15:48:44,011 [INFO] DbMcusAds:125 - Set database path to: C:\Users\ignacio\.stmcufinder\plugins\mcufinder//mcu/
2025-08-02 15:48:44,012 [INFO] CrossReferenceDbSqlite:203 - Set database path to: C:\Users\ignacio\.stmcufinder\plugins\mcufinder//mcu/cs/
2025-08-02 15:48:44,108 [INFO] RulesReader:64 - Compatibility file has been processed (301 Rules)
2025-08-02 15:48:44,173 [INFO] DbMcusXml:78 - Set database path to: C:\ST\STM32CubeIDE_1.18.0\STM32CubeIDE\plugins\com.st.stm32cube.common.mx_6.14.0.202502271554\\db\/mcu/
2025-08-02 15:48:44,173 [INFO] ApiDb:274 - Set plugin database path to: C:\ST\STM32CubeIDE_1.18.0\STM32CubeIDE\plugins\com.st.stm32cube.common.mx_6.14.0.202502271554\\db\/plugins/boardmanager/
2025-08-02 15:48:44,173 [INFO] ApiDb:261 - Set plugin images path to: C:\ST\STM32CubeIDE_1.18.0\STM32CubeIDE\plugins\com.st.stm32cube.common.mx_6.14.0.202502271554\\db\/plugins/mcufinder/images/
2025-08-02 15:48:44,173 [WARN] DbFile:41 - Overriding database path with different value: C:\Users\ignacio\.stmcufinder\plugins\mcufinder/ => C:\Users\ignacio\.stmcufinder\plugins\mcufinder
2025-08-02 15:48:44,173 [INFO] ApiDb:250 - Set database path to: C:\Users\ignacio\.stmcufinder\plugins\mcufinder//mcu/
2025-08-02 15:48:44,173 [WARN] DbFile:41 - Overriding database path with different value: C:\Users\ignacio\.stmcufinder\plugins\mcufinder/ => C:\Users\ignacio\.stmcufinder\plugins\mcufinder
2025-08-02 15:48:44,173 [INFO] DbMcusAds:125 - Set database path to: C:\Users\ignacio\.stmcufinder\plugins\mcufinder//mcu/
2025-08-02 15:48:44,173 [WARN] DbFile:41 - Overriding database path with different value: C:\Users\ignacio\.stmcufinder\plugins\mcufinder/ => C:\Users\ignacio\.stmcufinder\plugins\mcufinder
2025-08-02 15:48:44,173 [WARN] DbFile:41 - Overriding database path with different value: C:\Users\ignacio\.stmcufinder\plugins\mcufinder/ => C:\Users\ignacio\.stmcufinder\plugins\mcufinder
2025-08-02 15:48:44,174 [INFO] CrossReferenceDbSqlite:203 - Set database path to: C:\Users\ignacio\.stmcufinder\plugins\mcufinder//mcu/cs/
2025-08-02 15:48:44,235 [INFO] MainPanel:272 - HeapMemory: 268435456
2025-08-02 15:48:44,307 [INFO] DbMcusXml:78 - Set database path to: C:\ST\STM32CubeIDE_1.18.0\STM32CubeIDE\plugins\com.st.stm32cube.common.mx_6.14.0.202502271554\\db\/mcu/
2025-08-02 15:48:44,307 [INFO] ApiDb:274 - Set plugin database path to: C:\ST\STM32CubeIDE_1.18.0\STM32CubeIDE\plugins\com.st.stm32cube.common.mx_6.14.0.202502271554\\db\/plugins/boardmanager/
2025-08-02 15:48:44,307 [INFO] ApiDb:261 - Set plugin images path to: C:\ST\STM32CubeIDE_1.18.0\STM32CubeIDE\plugins\com.st.stm32cube.common.mx_6.14.0.202502271554\\db\/plugins/mcufinder/images/
2025-08-02 15:48:44,309 [WARN] DbFile:41 - Overriding database path with different value: C:\Users\ignacio\.stmcufinder\plugins\mcufinder/ => C:\Users\ignacio\.stmcufinder\plugins\mcufinder
2025-08-02 15:48:44,309 [INFO] ApiDb:250 - Set database path to: C:\Users\ignacio\.stmcufinder\plugins\mcufinder//mcu/
2025-08-02 15:48:44,309 [WARN] DbFile:41 - Overriding database path with different value: C:\Users\ignacio\.stmcufinder\plugins\mcufinder/ => C:\Users\ignacio\.stmcufinder\plugins\mcufinder
2025-08-02 15:48:44,309 [INFO] DbMcusAds:125 - Set database path to: C:\Users\ignacio\.stmcufinder\plugins\mcufinder//mcu/
2025-08-02 15:48:44,309 [WARN] DbFile:41 - Overriding database path with different value: C:\Users\ignacio\.stmcufinder\plugins\mcufinder/ => C:\Users\ignacio\.stmcufinder\plugins\mcufinder
2025-08-02 15:48:44,309 [WARN] DbFile:41 - Overriding database path with different value: C:\Users\ignacio\.stmcufinder\plugins\mcufinder/ => C:\Users\ignacio\.stmcufinder\plugins\mcufinder
2025-08-02 15:48:44,309 [INFO] CrossReferenceDbSqlite:203 - Set database path to: C:\Users\ignacio\.stmcufinder\plugins\mcufinder//mcu/cs/
2025-08-02 15:48:44,322 [INFO] ApplicationProperties:184 - Using Application install path: C:\ST\STM32CubeIDE_1.18.0\STM32CubeIDE\plugins\com.st.stm32cube.common.mx_6.14.0.202502271554
2025-08-02 15:48:44,324 [INFO] PluginManage:196 - Search for loadable plugins [exclusion list=, ]
2025-08-02 15:48:44,325 [INFO] PluginManage:310 - Check plugin analytics
2025-08-02 15:48:44,516 [INFO] AnalyticsPlugin:253 - Accepted Software Licenses: 
2025-08-02 15:48:44,516 [INFO] AnalyticsPlugin:255 - Accepted CMSIS Pack Licenses: 
2025-08-02 15:48:44,516 [INFO] AnalyticsPlugin:257 - Accepted Firmware Licenses: 
2025-08-02 15:48:44,518 [INFO] PluginManage:359 - Loaded plugin analytics (category:tool,tabindex:-1)
2025-08-02 15:48:44,518 [INFO] PluginManage:310 - Check plugin cadmodel
2025-08-02 15:48:44,524 [INFO] CADModel:105 - Init CAD model plugin
2025-08-02 15:48:44,524 [INFO] PluginManage:359 - Loaded plugin cadmodel (category:power,tabindex:5)
2025-08-02 15:48:44,524 [INFO] PluginManage:310 - Check plugin clock
2025-08-02 15:48:44,533 [INFO] PluginManage:359 - Loaded plugin clock (category:base,tabindex:2)
2025-08-02 15:48:44,533 [INFO] PluginManage:310 - Check plugin ddr
2025-08-02 15:48:44,535 [INFO] PluginManage:359 - Loaded plugin ddr (category:tool,tabindex:6)
2025-08-02 15:48:44,535 [INFO] PluginManage:310 - Check plugin filemanager
2025-08-02 15:48:44,665 [INFO] PluginManage:359 - Loaded plugin filemanager (category:base,tabindex:10)
2025-08-02 15:48:44,665 [INFO] PluginManage:310 - Check plugin ipmanager
2025-08-02 15:48:44,671 [INFO] PluginManage:359 - Loaded plugin ipmanager (category:base,tabindex:5)
2025-08-02 15:48:44,671 [INFO] PluginManage:310 - Check plugin lpbam
2025-08-02 15:48:44,677 [INFO] PluginManage:359 - Loaded plugin lpbam (category:base,tabindex:0)
2025-08-02 15:48:44,677 [INFO] PluginManage:310 - Check plugin memorymap
2025-08-02 15:48:44,687 [INFO] PluginManage:359 - Loaded plugin memorymap (category:base,tabindex:4)
2025-08-02 15:48:44,687 [INFO] PluginManage:310 - Check plugin pinoutandconfiguration
2025-08-02 15:48:44,691 [INFO] PluginManage:359 - Loaded plugin pinoutandconfiguration (category:base,tabindex:1)
2025-08-02 15:48:44,691 [INFO] PluginManage:310 - Check plugin pinoutconfig
2025-08-02 15:48:44,775 [WARN] SupportedApi:132 - Cannot load RTOS API schema: s4s-elt-must-match.1: The content of 'definitions' must match (annotation?, (simpleType | complexType)?, (unique | key | keyref)*)). A problem was found starting at: attribute.
2025-08-02 15:48:44,892 [INFO] PluginManage:359 - Loaded plugin pinoutconfig (category:base,tabindex:0)
2025-08-02 15:48:44,892 [INFO] PluginManage:310 - Check plugin power
2025-08-02 15:48:44,904 [INFO] PluginManage:359 - Loaded plugin power (category:power,tabindex:4)
2025-08-02 15:48:44,904 [INFO] PluginManage:310 - Check plugin projectmanager
2025-08-02 15:48:44,918 [INFO] PluginManage:359 - Loaded plugin projectmanager (category:projectmanager,tabindex:4)
2025-08-02 15:48:44,918 [INFO] PluginManage:310 - Check plugin rif
2025-08-02 15:48:44,924 [INFO] PluginManage:359 - Loaded plugin rif (category:base,tabindex:3)
2025-08-02 15:48:44,925 [INFO] PluginManage:310 - Check plugin thirdparty
2025-08-02 15:48:45,026 [INFO] PluginManage:359 - Loaded plugin thirdparty (category:base,tabindex:-1)
2025-08-02 15:48:45,026 [INFO] PluginManage:310 - Check plugin tools
2025-08-02 15:48:45,026 [WARN] IntegrityCheckThread:84 - waiting for thirdparty lock release [integrity check]
2025-08-02 15:48:45,026 [INFO] IntegrityCheckThread:86 - entering critical section [integrity check]
2025-08-02 15:48:45,026 [INFO] ThirdPartyUpdaterWithRetryManager:70 - Updater plugin not ready yet. [1/15]
2025-08-02 15:48:45,027 [INFO] PluginManage:359 - Loaded plugin tools (category:base,tabindex:7)
2025-08-02 15:48:45,028 [INFO] PluginManage:310 - Check plugin tutovideos
2025-08-02 15:48:45,164 [INFO] PluginManage:359 - Loaded plugin tutovideos (category:base,tabindex:-1)
2025-08-02 15:48:45,164 [INFO] PluginManage:310 - Check plugin updater
2025-08-02 15:48:45,183 [INFO] PluginManage:359 - Loaded plugin updater (category:base,tabindex:12)
2025-08-02 15:48:45,183 [INFO] PluginManage:310 - Check plugin userauth
2025-08-02 15:48:45,189 [INFO] UserAuth:118 - Init User Auth plugin
2025-08-02 15:48:45,190 [INFO] PluginManage:359 - Loaded plugin userauth (category:base,tabindex:14)
2025-08-02 15:48:45,191 [INFO] PluginManage:283 - PluginManage : Loaded plugins [18]
2025-08-02 15:48:45,361 [INFO] PinOutPanel:1589 - setPackage(No Configuration,No Configuration)
2025-08-02 15:48:45,433 [INFO] CADModel:165 - CPN selected for project level
2025-08-02 15:48:45,433 [INFO] CADModel:114 - Register for checkConnection events
2025-08-02 15:48:45,446 [INFO] IPUIPlugin:80 - create IPUIPlugin
2025-08-02 15:48:45,446 [INFO] PluginManager:220 - loadIPPluginJar : add adc
2025-08-02 15:48:45,448 [INFO] IPUIPlugin:80 - create IPUIPlugin
2025-08-02 15:48:45,448 [INFO] PluginManager:220 - loadIPPluginJar : add aes
2025-08-02 15:48:45,450 [INFO] IPUIPlugin:80 - create IPUIPlugin
2025-08-02 15:48:45,450 [INFO] PluginManager:220 - loadIPPluginJar : add can
2025-08-02 15:48:45,451 [INFO] IPUIPlugin:80 - create IPUIPlugin
2025-08-02 15:48:45,451 [INFO] PluginManager:220 - loadIPPluginJar : add comp
2025-08-02 15:48:45,453 [INFO] IPUIPlugin:80 - create IPUIPlugin
2025-08-02 15:48:45,453 [INFO] PluginManager:220 - loadIPPluginJar : add cryp
2025-08-02 15:48:45,456 [INFO] IPUIPlugin:80 - create IPUIPlugin
2025-08-02 15:48:45,456 [INFO] PluginManager:220 - loadIPPluginJar : add ddr_ctrl_phy
2025-08-02 15:48:45,457 [INFO] IPUIPlugin:80 - create IPUIPlugin
2025-08-02 15:48:45,457 [INFO] PluginManager:220 - loadIPPluginJar : add dfsdm
2025-08-02 15:48:45,462 [INFO] IPUIPlugin:80 - create IPUIPlugin
2025-08-02 15:48:45,463 [INFO] PluginManager:220 - loadIPPluginJar : add dma
2025-08-02 15:48:45,466 [INFO] IPUIPlugin:80 - create IPUIPlugin
2025-08-02 15:48:45,466 [INFO] PluginManager:220 - loadIPPluginJar : add dma3
2025-08-02 15:48:45,468 [INFO] IPUIPlugin:80 - create IPUIPlugin
2025-08-02 15:48:45,468 [INFO] PluginManager:220 - loadIPPluginJar : add extmemmanager
2025-08-02 15:48:45,469 [INFO] IPUIPlugin:80 - create IPUIPlugin
2025-08-02 15:48:45,469 [INFO] PluginManager:220 - loadIPPluginJar : add fatfs
2025-08-02 15:48:45,472 [INFO] IPUIPlugin:80 - create IPUIPlugin
2025-08-02 15:48:45,473 [INFO] PluginManager:220 - loadIPPluginJar : add fmc
2025-08-02 15:48:45,479 [INFO] IPUIPlugin:80 - create IPUIPlugin
2025-08-02 15:48:45,479 [INFO] PluginManager:220 - loadIPPluginJar : add freertos
2025-08-02 15:48:45,482 [INFO] IPUIPlugin:80 - create IPUIPlugin
2025-08-02 15:48:45,482 [INFO] PluginManager:220 - loadIPPluginJar : add genericplugin
2025-08-02 15:48:45,483 [INFO] IPUIPlugin:80 - create IPUIPlugin
2025-08-02 15:48:45,483 [INFO] PluginManager:220 - loadIPPluginJar : add gfxmmu
2025-08-02 15:48:45,486 [INFO] IPUIPlugin:80 - create IPUIPlugin
2025-08-02 15:48:45,486 [INFO] PluginManager:220 - loadIPPluginJar : add gic
2025-08-02 15:48:45,490 [INFO] IPUIPlugin:80 - create IPUIPlugin
2025-08-02 15:48:45,490 [INFO] PluginManager:220 - loadIPPluginJar : add gpio
2025-08-02 15:48:45,492 [INFO] IPUIPlugin:80 - create IPUIPlugin
2025-08-02 15:48:45,492 [INFO] PluginManager:220 - loadIPPluginJar : add gtzc
2025-08-02 15:48:45,494 [INFO] IPUIPlugin:80 - create IPUIPlugin
2025-08-02 15:48:45,494 [INFO] PluginManager:220 - loadIPPluginJar : add hash
2025-08-02 15:48:45,497 [INFO] IPUIPlugin:80 - create IPUIPlugin
2025-08-02 15:48:45,497 [INFO] PluginManager:220 - loadIPPluginJar : add i2c
2025-08-02 15:48:45,499 [INFO] IPUIPlugin:80 - create IPUIPlugin
2025-08-02 15:48:45,499 [INFO] PluginManager:220 - loadIPPluginJar : add i2s
2025-08-02 15:48:45,501 [INFO] IPUIPlugin:80 - create IPUIPlugin
2025-08-02 15:48:45,501 [INFO] PluginManager:220 - loadIPPluginJar : add i3c
2025-08-02 15:48:45,503 [INFO] IPUIPlugin:80 - create IPUIPlugin
2025-08-02 15:48:45,503 [INFO] PluginManager:220 - loadIPPluginJar : add ipddr
2025-08-02 15:48:45,509 [INFO] IPUIPlugin:80 - create IPUIPlugin
2025-08-02 15:48:45,509 [INFO] PluginManager:220 - loadIPPluginJar : add linkedlist
2025-08-02 15:48:45,513 [INFO] IPUIPlugin:80 - create IPUIPlugin
2025-08-02 15:48:45,513 [INFO] PluginManager:220 - loadIPPluginJar : add lorawan
2025-08-02 15:48:45,515 [INFO] IPUIPlugin:80 - create IPUIPlugin
2025-08-02 15:48:45,515 [INFO] PluginManager:220 - loadIPPluginJar : add ltdc
2025-08-02 15:48:45,519 [INFO] IPUIPlugin:80 - create IPUIPlugin
2025-08-02 15:48:45,519 [INFO] PluginManager:220 - loadIPPluginJar : add mdma
2025-08-02 15:48:45,534 [INFO] IPUIPlugin:80 - create IPUIPlugin
2025-08-02 15:48:45,534 [INFO] PluginManager:220 - loadIPPluginJar : add nvic
2025-08-02 15:48:45,536 [INFO] IPUIPlugin:80 - create IPUIPlugin
2025-08-02 15:48:45,536 [INFO] PluginManager:220 - loadIPPluginJar : add opamp
2025-08-02 15:48:45,540 [INFO] IPUIPlugin:80 - create IPUIPlugin
2025-08-02 15:48:45,540 [INFO] PluginManager:220 - loadIPPluginJar : add openamp
2025-08-02 15:48:45,542 [INFO] IPUIPlugin:80 - create IPUIPlugin
2025-08-02 15:48:45,542 [INFO] PluginManager:220 - loadIPPluginJar : add pdm2pcm
2025-08-02 15:48:45,546 [INFO] IPUIPlugin:80 - create IPUIPlugin
2025-08-02 15:48:45,550 [INFO] PluginManager:220 - loadIPPluginJar : add plateformsettings
2025-08-02 15:48:45,551 [INFO] IPUIPlugin:80 - create IPUIPlugin
2025-08-02 15:48:45,552 [INFO] PluginManager:220 - loadIPPluginJar : add quadspi
2025-08-02 15:48:45,553 [INFO] IPUIPlugin:80 - create IPUIPlugin
2025-08-02 15:48:45,554 [INFO] PluginManager:220 - loadIPPluginJar : add radio
2025-08-02 15:48:45,559 [INFO] IPUIPlugin:80 - create IPUIPlugin
2025-08-02 15:48:45,559 [INFO] PluginManager:220 - loadIPPluginJar : add resmgrutility
2025-08-02 15:48:45,562 [INFO] IPUIPlugin:80 - create IPUIPlugin
2025-08-02 15:48:45,562 [INFO] PluginManager:220 - loadIPPluginJar : add sai
2025-08-02 15:48:45,566 [INFO] IPUIPlugin:80 - create IPUIPlugin
2025-08-02 15:48:45,566 [INFO] PluginManager:220 - loadIPPluginJar : add spi
2025-08-02 15:48:45,571 [INFO] IPUIPlugin:80 - create IPUIPlugin
2025-08-02 15:48:45,571 [INFO] PluginManager:220 - loadIPPluginJar : add stm32_wpan
2025-08-02 15:48:45,573 [INFO] IPUIPlugin:80 - create IPUIPlugin
2025-08-02 15:48:45,573 [INFO] PluginManager:220 - loadIPPluginJar : add tim
2025-08-02 15:48:45,575 [INFO] IPUIPlugin:80 - create IPUIPlugin
2025-08-02 15:48:45,575 [INFO] PluginManager:220 - loadIPPluginJar : add touchsensing
2025-08-02 15:48:45,577 [INFO] IPUIPlugin:80 - create IPUIPlugin
2025-08-02 15:48:45,577 [INFO] PluginManager:220 - loadIPPluginJar : add tracer_emb
2025-08-02 15:48:45,578 [INFO] IPUIPlugin:80 - create IPUIPlugin
2025-08-02 15:48:45,578 [INFO] PluginManager:220 - loadIPPluginJar : add ts
2025-08-02 15:48:45,581 [INFO] IPUIPlugin:80 - create IPUIPlugin
2025-08-02 15:48:45,581 [INFO] PluginManager:220 - loadIPPluginJar : add tsc
2025-08-02 15:48:45,584 [INFO] IPUIPlugin:80 - create IPUIPlugin
2025-08-02 15:48:45,584 [INFO] PluginManager:220 - loadIPPluginJar : add ucpd
2025-08-02 15:48:45,586 [INFO] IPUIPlugin:80 - create IPUIPlugin
2025-08-02 15:48:45,586 [INFO] PluginManager:220 - loadIPPluginJar : add usart
2025-08-02 15:48:45,589 [INFO] IPUIPlugin:80 - create IPUIPlugin
2025-08-02 15:48:45,589 [INFO] PluginManager:220 - loadIPPluginJar : add usbx
2025-08-02 15:48:45,718 [FATAL] Updater:351 - Updater called before beeing initialized
2025-08-02 15:48:45,753 [INFO] RulesReader:64 - Compatibility file has been processed (301 Rules)
2025-08-02 15:48:45,762 [INFO] RulesReader:64 - Compatibility file has been processed (301 Rules)
2025-08-02 15:48:45,768 [INFO] CADModel:165 - CPN selected for project level
2025-08-02 15:48:45,768 [INFO] CADModel:114 - Register for checkConnection events
2025-08-02 15:48:45,768 [FATAL] Updater:351 - Updater called before beeing initialized
2025-08-02 15:48:45,768 [ERROR] CADModel:125 - Updater not yet initialized, retry later 
2025-08-02 15:48:45,887 [FATAL] Updater:351 - Updater called before beeing initialized
2025-08-02 15:48:45,888 [INFO] CADModel:165 - CPN selected for project level
2025-08-02 15:48:45,888 [INFO] CADModel:114 - Register for checkConnection events
2025-08-02 15:48:45,888 [FATAL] Updater:351 - Updater called before beeing initialized
2025-08-02 15:48:45,888 [ERROR] CADModel:125 - Updater not yet initialized, retry later 
2025-08-02 15:48:45,891 [FATAL] Updater:351 - Updater called before beeing initialized
2025-08-02 15:48:45,974 [FATAL] Updater:351 - Updater called before beeing initialized
2025-08-02 15:48:45,978 [INFO] DbMcusAds:53 - JSON generation date=Thu Sep 30 03:55:09 ART 2021 (1632984909247)
2025-08-02 15:48:45,978 [FATAL] Updater:351 - Updater called before beeing initialized
2025-08-02 15:48:46,005 [WARN] DetailPanel:346 - Failed to get advertising image, set to default
2025-08-02 15:48:46,226 [FATAL] Updater:351 - Updater called before beeing initialized
2025-08-02 15:48:46,227 [FATAL] Updater:351 - Updater called before beeing initialized
2025-08-02 15:48:46,227 [FATAL] Updater:351 - Updater called before beeing initialized
2025-08-02 15:48:46,227 [WARN] DetailPanel:346 - Failed to get advertising image, set to default
2025-08-02 15:48:46,228 [FATAL] Updater:351 - Updater called before beeing initialized
2025-08-02 15:48:46,275 [ERROR] Updater:1198 - MainUpdater not yet initialized. External WinMGr cannot be set.
2025-08-02 15:48:46,277 [INFO] Updater:1134 - Updater Version found : 6.14.0
2025-08-02 15:48:46,291 [INFO] ApplicationProperties:184 - Using Application install path: C:\ST\STM32CubeIDE_1.18.0\STM32CubeIDE\plugins\com.st.stm32cube.common.mx_6.14.0.202502271554
2025-08-02 15:48:47,862 [ERROR] LogOutputStream:75 - [STDERR_REDIRECT] Aug 02, 2025 3:48:47 PM java.util.prefs.WindowsPreferences <init>
2025-08-02 15:48:47,864 [ERROR] LogOutputStream:75 - [STDERR_REDIRECT] WARNING: Could not open/create prefs root node Software\JavaSoft\Prefs at root 0xffffffff80000002. Windows RegCreateKeyEx(...) returned error code 5.
2025-08-02 15:48:47,864 [ERROR] LogOutputStream:75 - [STDERR_REDIRECT] 
2025-08-02 15:48:48,027 [INFO] ThirdPartyUpdaterWithRetryManager:70 - Updater plugin not ready yet. [2/15]
2025-08-02 15:48:48,069 [INFO] MainUpdater:2872 - connection check result : 10
2025-08-02 15:48:48,071 [INFO] MainUpdater:289 - Updater Check For Update Now.
2025-08-02 15:48:48,071 [INFO] MicroXplorer:498 - Change Database Version : DB.6.0.140
2025-08-02 15:48:48,077 [INFO] McuFinderGlobals:63 - Set McuFinder mode to 2 (CubeIDE integrated)
2025-08-02 15:48:48,077 [INFO] UserAuth:171 - activating auth plugin
2025-08-02 15:48:48,080 [INFO] UserAuth:486 - Internet connection configuration mode: 1
2025-08-02 15:48:48,097 [INFO] JxBrowserEngine:152 - Initiate JxBrowser Engine with user profile folder
2025-08-02 15:48:48,242 [INFO] CheckServerUpdateThread:120 - End of CheckServer Thread
2025-08-02 15:48:48,909 [INFO] WebApp:169 - Instantiating new browser for Auth
2025-08-02 15:48:49,535 [INFO] WebApp:463 - Apply proxy settings
2025-08-02 15:48:49,537 [INFO] WebApp:548 - Chromium requires no authentication
2025-08-02 15:48:49,543 [INFO] WebApp:491 - Direct internet connection detected
2025-08-02 15:48:49,564 [INFO] WebApp:894 - Register for checkConnection events
2025-08-02 15:48:49,564 [INFO] WebApp:463 - Apply proxy settings
2025-08-02 15:48:49,564 [INFO] WebApp:548 - Chromium requires no authentication
2025-08-02 15:48:49,565 [INFO] WebApp:491 - Direct internet connection detected
2025-08-02 15:48:49,718 [INFO] WebApp:225 - Starting web application
2025-08-02 15:48:49,718 [INFO] WebApp:593 - Web application path used C:\ST\STM32CubeIDE_1.18.0\STM32CubeIDE\plugins\com.st.stm32cube.common.mx_6.14.0.202502271554\db\plugins\mcufinder\reactClient1\index.html
2025-08-02 15:48:49,721 [INFO] WebApp:191 - Connection restablished
2025-08-02 15:48:51,230 [WARN] PackLoader:240 - Cannot read IP mode file for STMicroelectronics.FP-SNS-MOTENVWB1.1.4.0
2025-08-02 15:48:51,246 [WARN] PackLoader:240 - Cannot read IP mode file for STMicroelectronics.X-CUBE-SMBUS.2.1.0
2025-08-02 15:48:51,251 [WARN] PackLoader:240 - Cannot read IP mode file for STMicroelectronics.X-CUBE-ST60.1.0.0
2025-08-02 15:48:51,279 [WARN] PackLoader:240 - Cannot read IP mode file for STMicroelectronics.X-CUBE-AZRTOS-F7.1.1.0
2025-08-02 15:48:51,305 [WARN] PackLoader:240 - Cannot read IP mode file for Infineon.AIROC-Wi-Fi-Bluetooth-STM32.1.7.1
2025-08-02 15:48:51,332 [WARN] PackLoader:240 - Cannot read IP mode file for STMicroelectronics.X-CUBE-AZRTOS-H7.3.4.0
2025-08-02 15:48:51,340 [WARN] PackLoader:240 - Cannot read IP mode file for STMicroelectronics.X-CUBE-DISPLAY.3.0.0
2025-08-02 15:48:51,350 [WARN] PackLoader:240 - Cannot read IP mode file for STMicroelectronics.X-CUBE-NFC10.1.0.0
2025-08-02 15:48:51,355 [WARN] PackLoader:240 - Cannot read IP mode file for emotas.I-CUBE-CANOPEN.1.3.0
2025-08-02 15:48:51,358 [ERROR] Engine:466 - C:\Users\ignacio\.stm32cubemx\thirdparties\pdsc\STMicroelectronics.FP-SNS-STBOX1.2.1.0.pdsc: PDSC version is not supported
2025-08-02 15:48:51,362 [WARN] PackLoader:240 - Cannot read IP mode file for STMicroelectronics.FP-SNS-SMARTAG2.1.2.0
2025-08-02 15:48:51,369 [INFO] LogOutputStream:77 - [STDOUT_REDIRECT] 1 : Invalid condition id : UX_CORESTACK_Condition cause : null
2025-08-02 15:48:51,369 [INFO] LogOutputStream:77 - [STDOUT_REDIRECT] 1 : Invalid condition id : UX_CORESTACK_Condition cause : null
2025-08-02 15:48:51,370 [INFO] LogOutputStream:77 - [STDOUT_REDIRECT] 1 : Invalid condition id : UX_CORESTACK_Condition cause : null
2025-08-02 15:48:51,370 [INFO] LogOutputStream:77 - [STDOUT_REDIRECT] 1 : Invalid condition id : UX_CORESTACK_Condition cause : null
2025-08-02 15:48:51,371 [INFO] LogOutputStream:77 - [STDOUT_REDIRECT] 1 : Invalid condition id : UX_CORESTACK_Condition cause : null
2025-08-02 15:48:51,374 [WARN] PackLoader:240 - Cannot read IP mode file for STMicroelectronics.X-CUBE-AZRTOS-WL.2.0.0
2025-08-02 15:48:51,378 [WARN] PackLoader:240 - Cannot read IP mode file for STMicroelectronics.FP-SNS-MOTENV1.5.0.0
2025-08-02 15:48:51,384 [WARN] PackLoader:240 - Cannot read IP mode file for WES.I-CUBE-Cesium.1.3.0
2025-08-02 15:48:51,389 [WARN] PackLoader:240 - Cannot read IP mode file for STMicroelectronics.X-CUBE-BLE2.3.3.0
2025-08-02 15:48:51,394 [WARN] PackLoader:240 - Cannot read IP mode file for STMicroelectronics.X-CUBE-NFC9.1.0.0
2025-08-02 15:48:51,399 [WARN] PackLoader:240 - Cannot read IP mode file for wolfSSL.I-CUBE-wolfSSL.5.8.2
2025-08-02 15:48:51,405 [WARN] PackLoader:240 - Cannot read IP mode file for STMicroelectronics.X-CUBE-BLE1.7.1.0
2025-08-02 15:48:51,409 [WARN] PackLoader:240 - Cannot read IP mode file for wolfSSL.I-CUBE-wolfMQTT.1.19.2
2025-08-02 15:48:51,414 [WARN] PackLoader:240 - Cannot read IP mode file for STMicroelectronics.X-CUBE-EEPRMA1.5.2.0
2025-08-02 15:48:51,443 [WARN] PackLoader:240 - Cannot read IP mode file for STMicroelectronics.X-CUBE-AZRTOS-G0.1.1.0
2025-08-02 15:48:51,449 [WARN] PackLoader:240 - Cannot read IP mode file for STMicroelectronics.X-CUBE-SAFEA1.1.2.2
2025-08-02 15:48:51,456 [WARN] PackLoader:240 - Cannot read IP mode file for STMicroelectronics.X-CUBE-NFC4.3.0.0
2025-08-02 15:48:51,466 [WARN] PackLoader:240 - Cannot read IP mode file for EmbeddedOffice.I-CUBE-FS-RTOS.1.0.1
2025-08-02 15:48:51,471 [WARN] PackLoader:240 - Cannot read IP mode file for STMicroelectronics.X-CUBE-WB05N.2.0.0
2025-08-02 15:48:51,475 [WARN] PackLoader:240 - Cannot read IP mode file for wolfSSL.I-CUBE-wolfTPM.3.8.0
2025-08-02 15:48:51,494 [WARN] PackLoader:240 - Cannot read IP mode file for STMicroelectronics.X-CUBE-TCPP.4.2.0
2025-08-02 15:48:51,503 [WARN] PackLoader:240 - Cannot read IP mode file for RealThread.X-CUBE-RT-Thread_Nano.4.1.1
2025-08-02 15:48:51,507 [WARN] PackLoader:240 - Cannot read IP mode file for STMicroelectronics.FP-ATR-SIGFOX1.3.2.0
2025-08-02 15:48:51,513 [WARN] PackLoader:240 - Cannot read IP mode file for ITTIA_DB.I-CUBE-ITTIADB.8.9.0
2025-08-02 15:48:51,518 [WARN] PackLoader:240 - Cannot read IP mode file for STMicroelectronics.X-CUBE-ST67W61.1.0.0
2025-08-02 15:48:51,523 [WARN] PackLoader:240 - Cannot read IP mode file for STMicroelectronics.X-CUBE-AI.10.2.0
2025-08-02 15:48:51,541 [WARN] PackLoader:240 - Cannot read IP mode file for SEGGER.I-CUBE-embOS.1.3.1
2025-08-02 15:48:51,570 [WARN] PackLoader:240 - Cannot read IP mode file for STMicroelectronics.X-CUBE-ALGOBUILD.1.4.0
2025-08-02 15:48:51,597 [WARN] PackLoader:240 - Cannot read IP mode file for STMicroelectronics.X-CUBE-MEMS1.11.3.0
2025-08-02 15:48:51,694 [WARN] PackLoader:240 - Cannot read IP mode file for STMicroelectronics.X-CUBE-PM33A1.1.0.0
2025-08-02 15:48:51,706 [WARN] PackLoader:240 - Cannot read IP mode file for STMicroelectronics.X-CUBE-AZRTOS-F4.1.1.0
2025-08-02 15:48:51,711 [WARN] PackLoader:240 - Cannot read IP mode file for Avnet-IotConnect.X-CUBE-IoTC-DA16k-PMOD.1.0.0
2025-08-02 15:48:51,713 [WARN] PackLoader:240 - Cannot read IP mode file for STMicroelectronics.X-CUBE-ISPU.2.1.0
2025-08-02 15:48:51,718 [WARN] PackLoader:240 - Cannot read IP mode file for STMicroelectronics.X-CUBE-NFC12.1.0.0
2025-08-02 15:48:51,727 [WARN] PackLoader:240 - Cannot read IP mode file for STMicroelectronics.X-CUBE-AZRTOS-L5.2.0.0
2025-08-02 15:48:51,735 [WARN] PackLoader:240 - Cannot read IP mode file for STMicroelectronics.X-CUBE-NFC6.3.1.0
2025-08-02 15:48:51,740 [WARN] PackLoader:240 - Cannot read IP mode file for STMicroelectronics.X-CUBE-FREERTOS.1.3.1
2025-08-02 15:48:51,744 [WARN] PackLoader:240 - Cannot read IP mode file for STMicroelectronics.FP-SNS-STAIOTCFT.1.0.0
2025-08-02 15:48:51,749 [WARN] PackLoader:240 - Cannot read IP mode file for STMicroelectronics.X-CUBE-DPower.1.3.0
2025-08-02 15:48:51,766 [WARN] ConditionMgr:438 - getConditionDescription Invalid condition id : LAN8742 Phy interface Condition cause : null
2025-08-02 15:48:51,766 [WARN] PackLoader:240 - Cannot read IP mode file for STMicroelectronics.X-CUBE-AZRTOS-L4.2.0.0
2025-08-02 15:48:51,767 [WARN] ConditionMgr:1044 - genDependencies : Invalid condition id : LAN8742 Phy interface Condition cause : null
2025-08-02 15:48:51,767 [WARN] ConditionMgr:1044 - genDependencies : Invalid condition id : LAN8742 Phy interface Condition cause : null
2025-08-02 15:48:51,767 [WARN] ConditionMgr:1044 - genDependencies : Invalid condition id : LAN8742 Phy interface Condition cause : null
2025-08-02 15:48:51,773 [WARN] PackLoader:240 - Cannot read IP mode file for STMicroelectronics.X-CUBE-SFXS2LP1.4.0.0
2025-08-02 15:48:51,781 [WARN] PackLoader:240 - Cannot read IP mode file for STMicroelectronics.X-CUBE-BLEMGR.4.1.0
2025-08-02 15:48:51,789 [WARN] ConditionMgr:438 - getConditionDescription Invalid condition id : UX DEVICE CLASS RTOS Condition cause : null
2025-08-02 15:48:51,789 [WARN] ConditionMgr:438 - getConditionDescription Invalid condition id : UX DEVICE CLASS RTOS Condition cause : null
2025-08-02 15:48:51,791 [WARN] PackLoader:240 - Cannot read IP mode file for STMicroelectronics.X-CUBE-AZRTOS-WB.2.0.0
2025-08-02 15:48:51,792 [WARN] ConditionMgr:1044 - genDependencies : Invalid condition id : UX DEVICE CLASS RTOS Condition cause : null
2025-08-02 15:48:51,792 [WARN] ConditionMgr:1044 - genDependencies : Invalid condition id : UX DEVICE CLASS RTOS Condition cause : null
2025-08-02 15:48:51,792 [WARN] ConditionMgr:1044 - genDependencies : Invalid condition id : UX DEVICE CLASS RTOS Condition cause : null
2025-08-02 15:48:51,792 [WARN] ConditionMgr:1044 - genDependencies : Invalid condition id : UX DEVICE CLASS RTOS Condition cause : null
2025-08-02 15:48:51,792 [WARN] ConditionMgr:1044 - genDependencies : Invalid condition id : UX DEVICE CLASS RTOS Condition cause : null
2025-08-02 15:48:51,796 [WARN] PackLoader:240 - Cannot read IP mode file for STMicroelectronics.X-CUBE-GNSS1.7.0.1
2025-08-02 15:48:51,801 [WARN] PackLoader:240 - Cannot read IP mode file for STMicroelectronics.X-CUBE-TOUCHGFX.4.25.0
2025-08-02 15:48:51,805 [WARN] PackLoader:240 - Cannot read IP mode file for STMicroelectronics.FP-SNS-STBOX1.2.0.0
2025-08-02 15:48:51,809 [WARN] ConditionMgr:438 - getConditionDescription Invalid condition id : Cortex-A Device cause : null
2025-08-02 15:48:51,818 [WARN] ConditionMgr:1044 - genDependencies : Invalid condition id : Cortex-A Device cause : null
2025-08-02 15:48:51,818 [WARN] ConditionMgr:1044 - genDependencies : Invalid condition id : Cortex-A Device cause : null
2025-08-02 15:48:51,818 [WARN] ConditionMgr:1044 - genDependencies : Invalid condition id : Cortex-A Device cause : null
2025-08-02 15:48:51,825 [WARN] PackLoader:240 - Cannot read IP mode file for STMicroelectronics.X-CUBE-SUBG2.5.0.0
2025-08-02 15:48:51,837 [WARN] PackLoader:240 - Cannot read IP mode file for STMicroelectronics.X-CUBE-AZRTOS-H7RS.1.1.0
2025-08-02 15:48:51,842 [WARN] PackLoader:240 - Cannot read IP mode file for Cesanta.I-CUBE-Mongoose.7.13.0
2025-08-02 15:48:51,849 [WARN] PackLoader:240 - Cannot read IP mode file for STMicroelectronics.X-CUBE-AZRTOS-G4.2.0.0
2025-08-02 15:48:51,854 [WARN] PackLoader:240 - Cannot read IP mode file for wolfSSL.I-CUBE-wolfSSH.1.4.20
2025-08-02 15:48:51,857 [WARN] PackLoader:240 - Cannot read IP mode file for STMicroelectronics.X-CUBE-NFC7.2.0.0
2025-08-02 15:48:51,866 [WARN] PackLoader:240 - Cannot read IP mode file for STMicroelectronics.X-CUBE-IPS.3.1.0
2025-08-02 15:48:51,872 [WARN] PackLoader:240 - Cannot read IP mode file for STMicroelectronics.X-CUBE-ALS.1.0.2
2025-08-02 15:48:51,876 [WARN] PackLoader:240 - Cannot read IP mode file for portGmbH.I-Cube-SoM-uGOAL.1.1.0
2025-08-02 15:48:51,883 [WARN] PackLoader:240 - Cannot read IP mode file for STMicroelectronics.X-CUBE-TOF1.3.4.3
2025-08-02 15:48:51,890 [INFO] ThirdParty:978 - Integrity check success = true
2025-08-02 15:48:51,890 [INFO] IntegrityCheckThread:100 - exiting critical section [integrity check]
2025-08-02 15:48:51,890 [INFO] IntegrityCheckThread:103 - End integrity checks thread
2025-08-02 18:35:20,343 [INFO] WebApp:194 - Connection lost
2025-08-02 18:35:20,649 [INFO] WebApp:191 - Connection restablished
2025-08-02 19:15:13,878 [INFO] WebApp:194 - Connection lost
2025-08-02 19:15:19,461 [INFO] WebApp:191 - Connection restablished
2025-08-02 19:24:50,453 [ERROR] LogOutputStream:75 - [STDERR_REDIRECT] 
2025-08-11 18:09:42,562 [INFO] Activator:176 - 


2025-08-11 18:09:42,564 [INFO] Activator:177 - !SESSION log4j initialized
2025-08-11 18:09:48,680 [INFO] LogOutputStream:77 - [STDOUT_REDIRECT] 
2025-08-11 18:09:50,709 [INFO] ApplicationProperties:184 - Using Application install path: C:\ST\STM32CubeIDE_1.18.0\STM32CubeIDE\plugins\com.st.stm32cube.common.mx_6.14.0.202502271554
2025-08-11 18:09:50,726 [INFO] DbMcusXml:78 - Set database path to: C:\ST\STM32CubeIDE_1.18.0\STM32CubeIDE\plugins\com.st.stm32cube.common.mx_6.14.0.202502271554\\db\/mcu/
2025-08-11 18:09:50,727 [INFO] ApiDb:274 - Set plugin database path to: C:\ST\STM32CubeIDE_1.18.0\STM32CubeIDE\plugins\com.st.stm32cube.common.mx_6.14.0.202502271554\\db\/plugins/boardmanager/
2025-08-11 18:09:50,727 [WARN] ApiDb:259 - Overriding images path with different value:  => C:\ST\STM32CubeIDE_1.18.0\STM32CubeIDE\plugins\com.st.stm32cube.common.mx_6.14.0.202502271554\\db\/plugins/mcufinder/images/
2025-08-11 18:09:50,732 [INFO] ApiDb:250 - Set database path to: C:\Users\ignacio\.stmcufinder\plugins\mcufinder//mcu/
2025-08-11 18:09:50,734 [INFO] DbMcusAds:125 - Set database path to: C:\Users\ignacio\.stmcufinder\plugins\mcufinder//mcu/
2025-08-11 18:09:50,736 [INFO] CrossReferenceDbSqlite:203 - Set database path to: C:\Users\ignacio\.stmcufinder\plugins\mcufinder//mcu/cs/
2025-08-11 18:09:50,891 [INFO] RulesReader:64 - Compatibility file has been processed (301 Rules)
2025-08-11 18:09:51,016 [INFO] DbMcusXml:78 - Set database path to: C:\ST\STM32CubeIDE_1.18.0\STM32CubeIDE\plugins\com.st.stm32cube.common.mx_6.14.0.202502271554\\db\/mcu/
2025-08-11 18:09:51,017 [INFO] ApiDb:274 - Set plugin database path to: C:\ST\STM32CubeIDE_1.18.0\STM32CubeIDE\plugins\com.st.stm32cube.common.mx_6.14.0.202502271554\\db\/plugins/boardmanager/
2025-08-11 18:09:51,017 [INFO] ApiDb:261 - Set plugin images path to: C:\ST\STM32CubeIDE_1.18.0\STM32CubeIDE\plugins\com.st.stm32cube.common.mx_6.14.0.202502271554\\db\/plugins/mcufinder/images/
2025-08-11 18:09:51,017 [WARN] DbFile:41 - Overriding database path with different value: C:\Users\ignacio\.stmcufinder\plugins\mcufinder/ => C:\Users\ignacio\.stmcufinder\plugins\mcufinder
2025-08-11 18:09:51,017 [INFO] ApiDb:250 - Set database path to: C:\Users\ignacio\.stmcufinder\plugins\mcufinder//mcu/
2025-08-11 18:09:51,017 [WARN] DbFile:41 - Overriding database path with different value: C:\Users\ignacio\.stmcufinder\plugins\mcufinder/ => C:\Users\ignacio\.stmcufinder\plugins\mcufinder
2025-08-11 18:09:51,018 [INFO] DbMcusAds:125 - Set database path to: C:\Users\ignacio\.stmcufinder\plugins\mcufinder//mcu/
2025-08-11 18:09:51,018 [WARN] DbFile:41 - Overriding database path with different value: C:\Users\ignacio\.stmcufinder\plugins\mcufinder/ => C:\Users\ignacio\.stmcufinder\plugins\mcufinder
2025-08-11 18:09:51,018 [WARN] DbFile:41 - Overriding database path with different value: C:\Users\ignacio\.stmcufinder\plugins\mcufinder/ => C:\Users\ignacio\.stmcufinder\plugins\mcufinder
2025-08-11 18:09:51,018 [INFO] CrossReferenceDbSqlite:203 - Set database path to: C:\Users\ignacio\.stmcufinder\plugins\mcufinder//mcu/cs/
2025-08-11 18:09:51,101 [INFO] MainPanel:272 - HeapMemory: 268435456
2025-08-11 18:09:51,229 [INFO] DbMcusXml:78 - Set database path to: C:\ST\STM32CubeIDE_1.18.0\STM32CubeIDE\plugins\com.st.stm32cube.common.mx_6.14.0.202502271554\\db\/mcu/
2025-08-11 18:09:51,230 [INFO] ApiDb:274 - Set plugin database path to: C:\ST\STM32CubeIDE_1.18.0\STM32CubeIDE\plugins\com.st.stm32cube.common.mx_6.14.0.202502271554\\db\/plugins/boardmanager/
2025-08-11 18:09:51,230 [INFO] ApiDb:261 - Set plugin images path to: C:\ST\STM32CubeIDE_1.18.0\STM32CubeIDE\plugins\com.st.stm32cube.common.mx_6.14.0.202502271554\\db\/plugins/mcufinder/images/
2025-08-11 18:09:51,230 [WARN] DbFile:41 - Overriding database path with different value: C:\Users\ignacio\.stmcufinder\plugins\mcufinder/ => C:\Users\ignacio\.stmcufinder\plugins\mcufinder
2025-08-11 18:09:51,230 [INFO] ApiDb:250 - Set database path to: C:\Users\ignacio\.stmcufinder\plugins\mcufinder//mcu/
2025-08-11 18:09:51,230 [WARN] DbFile:41 - Overriding database path with different value: C:\Users\ignacio\.stmcufinder\plugins\mcufinder/ => C:\Users\ignacio\.stmcufinder\plugins\mcufinder
2025-08-11 18:09:51,230 [INFO] DbMcusAds:125 - Set database path to: C:\Users\ignacio\.stmcufinder\plugins\mcufinder//mcu/
2025-08-11 18:09:51,230 [WARN] DbFile:41 - Overriding database path with different value: C:\Users\ignacio\.stmcufinder\plugins\mcufinder/ => C:\Users\ignacio\.stmcufinder\plugins\mcufinder
2025-08-11 18:09:51,230 [WARN] DbFile:41 - Overriding database path with different value: C:\Users\ignacio\.stmcufinder\plugins\mcufinder/ => C:\Users\ignacio\.stmcufinder\plugins\mcufinder
2025-08-11 18:09:51,230 [INFO] CrossReferenceDbSqlite:203 - Set database path to: C:\Users\ignacio\.stmcufinder\plugins\mcufinder//mcu/cs/
2025-08-11 18:09:51,248 [INFO] ApplicationProperties:184 - Using Application install path: C:\ST\STM32CubeIDE_1.18.0\STM32CubeIDE\plugins\com.st.stm32cube.common.mx_6.14.0.202502271554
2025-08-11 18:09:51,249 [INFO] PluginManage:196 - Search for loadable plugins [exclusion list=, ]
2025-08-11 18:09:51,252 [INFO] PluginManage:310 - Check plugin analytics
2025-08-11 18:09:51,492 [INFO] AnalyticsPlugin:253 - Accepted Software Licenses: 
2025-08-11 18:09:51,492 [INFO] AnalyticsPlugin:255 - Accepted CMSIS Pack Licenses: 
2025-08-11 18:09:51,493 [INFO] AnalyticsPlugin:257 - Accepted Firmware Licenses: 
2025-08-11 18:09:51,497 [INFO] PluginManage:359 - Loaded plugin analytics (category:tool,tabindex:-1)
2025-08-11 18:09:51,499 [INFO] PluginManage:310 - Check plugin cadmodel
2025-08-11 18:09:51,503 [INFO] CADModel:105 - Init CAD model plugin
2025-08-11 18:09:51,503 [INFO] PluginManage:359 - Loaded plugin cadmodel (category:power,tabindex:5)
2025-08-11 18:09:51,503 [INFO] PluginManage:310 - Check plugin clock
2025-08-11 18:09:51,514 [INFO] PluginManage:359 - Loaded plugin clock (category:base,tabindex:2)
2025-08-11 18:09:51,514 [INFO] PluginManage:310 - Check plugin ddr
2025-08-11 18:09:51,515 [INFO] PluginManage:359 - Loaded plugin ddr (category:tool,tabindex:6)
2025-08-11 18:09:51,516 [INFO] PluginManage:310 - Check plugin filemanager
2025-08-11 18:09:51,674 [INFO] PluginManage:359 - Loaded plugin filemanager (category:base,tabindex:10)
2025-08-11 18:09:51,674 [INFO] PluginManage:310 - Check plugin ipmanager
2025-08-11 18:09:51,680 [INFO] PluginManage:359 - Loaded plugin ipmanager (category:base,tabindex:5)
2025-08-11 18:09:51,680 [INFO] PluginManage:310 - Check plugin lpbam
2025-08-11 18:09:51,687 [INFO] PluginManage:359 - Loaded plugin lpbam (category:base,tabindex:0)
2025-08-11 18:09:51,687 [INFO] PluginManage:310 - Check plugin memorymap
2025-08-11 18:09:51,701 [INFO] PluginManage:359 - Loaded plugin memorymap (category:base,tabindex:4)
2025-08-11 18:09:51,701 [INFO] PluginManage:310 - Check plugin pinoutandconfiguration
2025-08-11 18:09:51,707 [INFO] PluginManage:359 - Loaded plugin pinoutandconfiguration (category:base,tabindex:1)
2025-08-11 18:09:51,707 [INFO] PluginManage:310 - Check plugin pinoutconfig
2025-08-11 18:09:51,796 [WARN] SupportedApi:132 - Cannot load RTOS API schema: s4s-elt-must-match.1: The content of 'definitions' must match (annotation?, (simpleType | complexType)?, (unique | key | keyref)*)). A problem was found starting at: attribute.
2025-08-11 18:09:52,021 [INFO] PluginManage:359 - Loaded plugin pinoutconfig (category:base,tabindex:0)
2025-08-11 18:09:52,021 [INFO] PluginManage:310 - Check plugin power
2025-08-11 18:09:52,034 [INFO] PluginManage:359 - Loaded plugin power (category:power,tabindex:4)
2025-08-11 18:09:52,034 [INFO] PluginManage:310 - Check plugin projectmanager
2025-08-11 18:09:52,065 [INFO] PluginManage:359 - Loaded plugin projectmanager (category:projectmanager,tabindex:4)
2025-08-11 18:09:52,065 [INFO] PluginManage:310 - Check plugin rif
2025-08-11 18:09:52,077 [INFO] PluginManage:359 - Loaded plugin rif (category:base,tabindex:3)
2025-08-11 18:09:52,078 [INFO] PluginManage:310 - Check plugin thirdparty
2025-08-11 18:09:52,230 [INFO] PluginManage:359 - Loaded plugin thirdparty (category:base,tabindex:-1)
2025-08-11 18:09:52,230 [WARN] IntegrityCheckThread:84 - waiting for thirdparty lock release [integrity check]
2025-08-11 18:09:52,230 [INFO] PluginManage:310 - Check plugin tools
2025-08-11 18:09:52,230 [INFO] IntegrityCheckThread:86 - entering critical section [integrity check]
2025-08-11 18:09:52,231 [INFO] ThirdPartyUpdaterWithRetryManager:70 - Updater plugin not ready yet. [1/15]
2025-08-11 18:09:52,234 [INFO] PluginManage:359 - Loaded plugin tools (category:base,tabindex:7)
2025-08-11 18:09:52,234 [INFO] PluginManage:310 - Check plugin tutovideos
2025-08-11 18:09:52,428 [INFO] PluginManage:359 - Loaded plugin tutovideos (category:base,tabindex:-1)
2025-08-11 18:09:52,428 [INFO] PluginManage:310 - Check plugin updater
2025-08-11 18:09:52,448 [INFO] PluginManage:359 - Loaded plugin updater (category:base,tabindex:12)
2025-08-11 18:09:52,449 [INFO] PluginManage:310 - Check plugin userauth
2025-08-11 18:09:52,452 [INFO] UserAuth:118 - Init User Auth plugin
2025-08-11 18:09:52,453 [INFO] PluginManage:359 - Loaded plugin userauth (category:base,tabindex:14)
2025-08-11 18:09:52,453 [INFO] PluginManage:283 - PluginManage : Loaded plugins [18]
2025-08-11 18:09:52,645 [INFO] PinOutPanel:1589 - setPackage(No Configuration,No Configuration)
2025-08-11 18:09:52,723 [INFO] CADModel:165 - CPN selected for project level
2025-08-11 18:09:52,723 [INFO] CADModel:114 - Register for checkConnection events
2025-08-11 18:09:52,741 [INFO] IPUIPlugin:80 - create IPUIPlugin
2025-08-11 18:09:52,741 [INFO] PluginManager:220 - loadIPPluginJar : add adc
2025-08-11 18:09:52,744 [INFO] IPUIPlugin:80 - create IPUIPlugin
2025-08-11 18:09:52,744 [INFO] PluginManager:220 - loadIPPluginJar : add aes
2025-08-11 18:09:52,746 [INFO] IPUIPlugin:80 - create IPUIPlugin
2025-08-11 18:09:52,746 [INFO] PluginManager:220 - loadIPPluginJar : add can
2025-08-11 18:09:52,748 [INFO] IPUIPlugin:80 - create IPUIPlugin
2025-08-11 18:09:52,748 [INFO] PluginManager:220 - loadIPPluginJar : add comp
2025-08-11 18:09:52,749 [INFO] IPUIPlugin:80 - create IPUIPlugin
2025-08-11 18:09:52,750 [INFO] PluginManager:220 - loadIPPluginJar : add cryp
2025-08-11 18:09:52,751 [INFO] IPUIPlugin:80 - create IPUIPlugin
2025-08-11 18:09:52,751 [INFO] PluginManager:220 - loadIPPluginJar : add ddr_ctrl_phy
2025-08-11 18:09:52,753 [INFO] IPUIPlugin:80 - create IPUIPlugin
2025-08-11 18:09:52,753 [INFO] PluginManager:220 - loadIPPluginJar : add dfsdm
2025-08-11 18:09:52,759 [INFO] IPUIPlugin:80 - create IPUIPlugin
2025-08-11 18:09:52,760 [INFO] PluginManager:220 - loadIPPluginJar : add dma
2025-08-11 18:09:52,763 [INFO] IPUIPlugin:80 - create IPUIPlugin
2025-08-11 18:09:52,763 [INFO] PluginManager:220 - loadIPPluginJar : add dma3
2025-08-11 18:09:52,766 [INFO] IPUIPlugin:80 - create IPUIPlugin
2025-08-11 18:09:52,766 [INFO] PluginManager:220 - loadIPPluginJar : add extmemmanager
2025-08-11 18:09:52,767 [INFO] IPUIPlugin:80 - create IPUIPlugin
2025-08-11 18:09:52,767 [INFO] PluginManager:220 - loadIPPluginJar : add fatfs
2025-08-11 18:09:52,771 [INFO] IPUIPlugin:80 - create IPUIPlugin
2025-08-11 18:09:52,771 [INFO] PluginManager:220 - loadIPPluginJar : add fmc
2025-08-11 18:09:52,774 [INFO] IPUIPlugin:80 - create IPUIPlugin
2025-08-11 18:09:52,774 [INFO] PluginManager:220 - loadIPPluginJar : add freertos
2025-08-11 18:09:52,776 [INFO] IPUIPlugin:80 - create IPUIPlugin
2025-08-11 18:09:52,776 [INFO] PluginManager:220 - loadIPPluginJar : add genericplugin
2025-08-11 18:09:52,777 [INFO] IPUIPlugin:80 - create IPUIPlugin
2025-08-11 18:09:52,778 [INFO] PluginManager:220 - loadIPPluginJar : add gfxmmu
2025-08-11 18:09:52,782 [INFO] IPUIPlugin:80 - create IPUIPlugin
2025-08-11 18:09:52,783 [INFO] PluginManager:220 - loadIPPluginJar : add gic
2025-08-11 18:09:52,786 [INFO] IPUIPlugin:80 - create IPUIPlugin
2025-08-11 18:09:52,786 [INFO] PluginManager:220 - loadIPPluginJar : add gpio
2025-08-11 18:09:52,789 [INFO] IPUIPlugin:80 - create IPUIPlugin
2025-08-11 18:09:52,789 [INFO] PluginManager:220 - loadIPPluginJar : add gtzc
2025-08-11 18:09:52,792 [INFO] IPUIPlugin:80 - create IPUIPlugin
2025-08-11 18:09:52,792 [INFO] PluginManager:220 - loadIPPluginJar : add hash
2025-08-11 18:09:52,794 [INFO] IPUIPlugin:80 - create IPUIPlugin
2025-08-11 18:09:52,795 [INFO] PluginManager:220 - loadIPPluginJar : add i2c
2025-08-11 18:09:52,798 [INFO] IPUIPlugin:80 - create IPUIPlugin
2025-08-11 18:09:52,798 [INFO] PluginManager:220 - loadIPPluginJar : add i2s
2025-08-11 18:09:52,800 [INFO] IPUIPlugin:80 - create IPUIPlugin
2025-08-11 18:09:52,800 [INFO] PluginManager:220 - loadIPPluginJar : add i3c
2025-08-11 18:09:52,802 [INFO] IPUIPlugin:80 - create IPUIPlugin
2025-08-11 18:09:52,803 [INFO] PluginManager:220 - loadIPPluginJar : add ipddr
2025-08-11 18:09:52,808 [INFO] IPUIPlugin:80 - create IPUIPlugin
2025-08-11 18:09:52,808 [INFO] PluginManager:220 - loadIPPluginJar : add linkedlist
2025-08-11 18:09:52,812 [INFO] IPUIPlugin:80 - create IPUIPlugin
2025-08-11 18:09:52,812 [INFO] PluginManager:220 - loadIPPluginJar : add lorawan
2025-08-11 18:09:52,813 [INFO] IPUIPlugin:80 - create IPUIPlugin
2025-08-11 18:09:52,813 [INFO] PluginManager:220 - loadIPPluginJar : add ltdc
2025-08-11 18:09:52,817 [INFO] IPUIPlugin:80 - create IPUIPlugin
2025-08-11 18:09:52,817 [INFO] PluginManager:220 - loadIPPluginJar : add mdma
2025-08-11 18:09:52,819 [INFO] IPUIPlugin:80 - create IPUIPlugin
2025-08-11 18:09:52,819 [INFO] PluginManager:220 - loadIPPluginJar : add nvic
2025-08-11 18:09:52,823 [INFO] IPUIPlugin:80 - create IPUIPlugin
2025-08-11 18:09:52,824 [INFO] PluginManager:220 - loadIPPluginJar : add opamp
2025-08-11 18:09:52,826 [INFO] IPUIPlugin:80 - create IPUIPlugin
2025-08-11 18:09:52,827 [INFO] PluginManager:220 - loadIPPluginJar : add openamp
2025-08-11 18:09:52,831 [INFO] IPUIPlugin:80 - create IPUIPlugin
2025-08-11 18:09:52,831 [INFO] PluginManager:220 - loadIPPluginJar : add pdm2pcm
2025-08-11 18:09:52,838 [INFO] IPUIPlugin:80 - create IPUIPlugin
2025-08-11 18:09:52,841 [INFO] PluginManager:220 - loadIPPluginJar : add plateformsettings
2025-08-11 18:09:52,843 [INFO] IPUIPlugin:80 - create IPUIPlugin
2025-08-11 18:09:52,843 [INFO] PluginManager:220 - loadIPPluginJar : add quadspi
2025-08-11 18:09:52,845 [INFO] IPUIPlugin:80 - create IPUIPlugin
2025-08-11 18:09:52,846 [INFO] PluginManager:220 - loadIPPluginJar : add radio
2025-08-11 18:09:52,849 [INFO] IPUIPlugin:80 - create IPUIPlugin
2025-08-11 18:09:52,849 [INFO] PluginManager:220 - loadIPPluginJar : add resmgrutility
2025-08-11 18:09:52,855 [INFO] IPUIPlugin:80 - create IPUIPlugin
2025-08-11 18:09:52,855 [INFO] PluginManager:220 - loadIPPluginJar : add sai
2025-08-11 18:09:52,859 [INFO] IPUIPlugin:80 - create IPUIPlugin
2025-08-11 18:09:52,859 [INFO] PluginManager:220 - loadIPPluginJar : add spi
2025-08-11 18:09:52,868 [INFO] IPUIPlugin:80 - create IPUIPlugin
2025-08-11 18:09:52,868 [INFO] PluginManager:220 - loadIPPluginJar : add stm32_wpan
2025-08-11 18:09:52,871 [INFO] IPUIPlugin:80 - create IPUIPlugin
2025-08-11 18:09:52,872 [INFO] PluginManager:220 - loadIPPluginJar : add tim
2025-08-11 18:09:52,876 [INFO] IPUIPlugin:80 - create IPUIPlugin
2025-08-11 18:09:52,876 [INFO] PluginManager:220 - loadIPPluginJar : add touchsensing
2025-08-11 18:09:52,879 [INFO] IPUIPlugin:80 - create IPUIPlugin
2025-08-11 18:09:52,879 [INFO] PluginManager:220 - loadIPPluginJar : add tracer_emb
2025-08-11 18:09:52,882 [INFO] IPUIPlugin:80 - create IPUIPlugin
2025-08-11 18:09:52,882 [INFO] PluginManager:220 - loadIPPluginJar : add ts
2025-08-11 18:09:52,885 [INFO] IPUIPlugin:80 - create IPUIPlugin
2025-08-11 18:09:52,885 [INFO] PluginManager:220 - loadIPPluginJar : add tsc
2025-08-11 18:09:52,887 [INFO] IPUIPlugin:80 - create IPUIPlugin
2025-08-11 18:09:52,888 [INFO] PluginManager:220 - loadIPPluginJar : add ucpd
2025-08-11 18:09:52,892 [INFO] IPUIPlugin:80 - create IPUIPlugin
2025-08-11 18:09:52,892 [INFO] PluginManager:220 - loadIPPluginJar : add usart
2025-08-11 18:09:52,897 [INFO] IPUIPlugin:80 - create IPUIPlugin
2025-08-11 18:09:52,897 [INFO] PluginManager:220 - loadIPPluginJar : add usbx
2025-08-11 18:09:53,045 [FATAL] Updater:351 - Updater called before beeing initialized
2025-08-11 18:09:53,083 [INFO] RulesReader:64 - Compatibility file has been processed (301 Rules)
2025-08-11 18:09:53,097 [INFO] RulesReader:64 - Compatibility file has been processed (301 Rules)
2025-08-11 18:09:53,109 [INFO] CADModel:165 - CPN selected for project level
2025-08-11 18:09:53,109 [INFO] CADModel:114 - Register for checkConnection events
2025-08-11 18:09:53,109 [FATAL] Updater:351 - Updater called before beeing initialized
2025-08-11 18:09:53,109 [ERROR] CADModel:125 - Updater not yet initialized, retry later 
2025-08-11 18:09:53,296 [FATAL] Updater:351 - Updater called before beeing initialized
2025-08-11 18:09:53,298 [INFO] CADModel:165 - CPN selected for project level
2025-08-11 18:09:53,298 [INFO] CADModel:114 - Register for checkConnection events
2025-08-11 18:09:53,298 [FATAL] Updater:351 - Updater called before beeing initialized
2025-08-11 18:09:53,298 [ERROR] CADModel:125 - Updater not yet initialized, retry later 
2025-08-11 18:09:53,301 [FATAL] Updater:351 - Updater called before beeing initialized
2025-08-11 18:09:53,404 [FATAL] Updater:351 - Updater called before beeing initialized
2025-08-11 18:09:53,407 [INFO] DbMcusAds:53 - JSON generation date=Thu Sep 30 03:55:09 ART 2021 (1632984909247)
2025-08-11 18:09:53,408 [FATAL] Updater:351 - Updater called before beeing initialized
2025-08-11 18:09:53,439 [WARN] DetailPanel:346 - Failed to get advertising image, set to default
2025-08-11 18:09:53,694 [FATAL] Updater:351 - Updater called before beeing initialized
2025-08-11 18:09:53,696 [FATAL] Updater:351 - Updater called before beeing initialized
2025-08-11 18:09:53,696 [FATAL] Updater:351 - Updater called before beeing initialized
2025-08-11 18:09:53,696 [WARN] DetailPanel:346 - Failed to get advertising image, set to default
2025-08-11 18:09:53,697 [FATAL] Updater:351 - Updater called before beeing initialized
2025-08-11 18:09:53,742 [ERROR] Updater:1198 - MainUpdater not yet initialized. External WinMGr cannot be set.
2025-08-11 18:09:53,746 [INFO] Updater:1134 - Updater Version found : 6.14.0
2025-08-11 18:09:53,764 [INFO] ApplicationProperties:184 - Using Application install path: C:\ST\STM32CubeIDE_1.18.0\STM32CubeIDE\plugins\com.st.stm32cube.common.mx_6.14.0.202502271554
2025-08-11 18:09:55,231 [INFO] ThirdPartyUpdaterWithRetryManager:70 - Updater plugin not ready yet. [2/15]
2025-08-11 18:09:55,335 [ERROR] LogOutputStream:75 - [STDERR_REDIRECT] Aug 11, 2025 6:09:55 PM java.util.prefs.WindowsPreferences <init>
2025-08-11 18:09:55,337 [ERROR] LogOutputStream:75 - [STDERR_REDIRECT] WARNING: Could not open/create prefs root node Software\JavaSoft\Prefs at root 0xffffffff80000002. Windows RegCreateKeyEx(...) returned error code 5.
2025-08-11 18:09:55,337 [ERROR] LogOutputStream:75 - [STDERR_REDIRECT] 
2025-08-11 18:09:55,646 [INFO] MainUpdater:2872 - connection check result : 10
2025-08-11 18:09:55,647 [INFO] MainUpdater:289 - Updater Check For Update Now.
2025-08-11 18:09:55,648 [INFO] MicroXplorer:498 - Change Database Version : DB.6.0.140
2025-08-11 18:09:55,657 [INFO] McuFinderGlobals:63 - Set McuFinder mode to 2 (CubeIDE integrated)
2025-08-11 18:09:55,657 [INFO] UserAuth:171 - activating auth plugin
2025-08-11 18:09:55,661 [INFO] UserAuth:486 - Internet connection configuration mode: 1
2025-08-11 18:09:55,684 [INFO] JxBrowserEngine:152 - Initiate JxBrowser Engine with user profile folder
2025-08-11 18:09:55,875 [INFO] CheckServerUpdateThread:120 - End of CheckServer Thread
2025-08-11 18:09:56,908 [INFO] WebApp:169 - Instantiating new browser for Auth
2025-08-11 18:09:57,902 [INFO] WebApp:463 - Apply proxy settings
2025-08-11 18:09:57,902 [INFO] WebApp:548 - Chromium requires no authentication
2025-08-11 18:09:57,913 [INFO] WebApp:491 - Direct internet connection detected
2025-08-11 18:09:57,948 [INFO] WebApp:894 - Register for checkConnection events
2025-08-11 18:09:57,948 [INFO] WebApp:463 - Apply proxy settings
2025-08-11 18:09:57,948 [INFO] WebApp:548 - Chromium requires no authentication
2025-08-11 18:09:57,950 [INFO] WebApp:491 - Direct internet connection detected
2025-08-11 18:09:58,110 [INFO] WebApp:191 - Connection restablished
2025-08-11 18:09:58,181 [INFO] WebApp:225 - Starting web application
2025-08-11 18:09:58,181 [INFO] WebApp:593 - Web application path used C:\ST\STM32CubeIDE_1.18.0\STM32CubeIDE\plugins\com.st.stm32cube.common.mx_6.14.0.202502271554\db\plugins\mcufinder\reactClient1\index.html
2025-08-11 18:09:58,613 [WARN] PackLoader:240 - Cannot read IP mode file for STMicroelectronics.FP-SNS-MOTENVWB1.1.4.0
2025-08-11 18:09:58,637 [WARN] PackLoader:240 - Cannot read IP mode file for STMicroelectronics.X-CUBE-SMBUS.2.1.0
2025-08-11 18:09:58,650 [WARN] PackLoader:240 - Cannot read IP mode file for STMicroelectronics.X-CUBE-ST60.1.0.0
2025-08-11 18:09:58,697 [WARN] PackLoader:240 - Cannot read IP mode file for STMicroelectronics.X-CUBE-AZRTOS-F7.1.1.0
2025-08-11 18:09:58,734 [WARN] PackLoader:240 - Cannot read IP mode file for Infineon.AIROC-Wi-Fi-Bluetooth-STM32.1.7.1
2025-08-11 18:09:58,786 [WARN] PackLoader:240 - Cannot read IP mode file for STMicroelectronics.X-CUBE-AZRTOS-H7.3.4.0
2025-08-11 18:09:58,808 [WARN] PackLoader:240 - Cannot read IP mode file for STMicroelectronics.X-CUBE-DISPLAY.3.0.0
2025-08-11 18:09:58,835 [WARN] PackLoader:240 - Cannot read IP mode file for STMicroelectronics.X-CUBE-NFC10.1.0.0
2025-08-11 18:09:58,885 [WARN] PackLoader:240 - Cannot read IP mode file for emotas.I-CUBE-CANOPEN.1.3.0
2025-08-11 18:09:58,938 [ERROR] Engine:466 - C:\Users\ignacio\.stm32cubemx\thirdparties\pdsc\STMicroelectronics.FP-SNS-STBOX1.2.1.0.pdsc: PDSC version is not supported
2025-08-11 18:09:58,953 [WARN] PackLoader:240 - Cannot read IP mode file for STMicroelectronics.FP-SNS-SMARTAG2.1.2.0
2025-08-11 18:09:58,976 [INFO] LogOutputStream:77 - [STDOUT_REDIRECT] 1 : Invalid condition id : UX_CORESTACK_Condition cause : null
2025-08-11 18:09:58,977 [INFO] LogOutputStream:77 - [STDOUT_REDIRECT] 1 : Invalid condition id : UX_CORESTACK_Condition cause : null
2025-08-11 18:09:58,980 [INFO] LogOutputStream:77 - [STDOUT_REDIRECT] 1 : Invalid condition id : UX_CORESTACK_Condition cause : null
2025-08-11 18:09:58,983 [INFO] LogOutputStream:77 - [STDOUT_REDIRECT] 1 : Invalid condition id : UX_CORESTACK_Condition cause : null
2025-08-11 18:09:58,985 [INFO] LogOutputStream:77 - [STDOUT_REDIRECT] 1 : Invalid condition id : UX_CORESTACK_Condition cause : null
2025-08-11 18:09:58,990 [WARN] PackLoader:240 - Cannot read IP mode file for STMicroelectronics.X-CUBE-AZRTOS-WL.2.0.0
2025-08-11 18:09:58,998 [WARN] PackLoader:240 - Cannot read IP mode file for STMicroelectronics.FP-SNS-MOTENV1.5.0.0
2025-08-11 18:09:59,016 [WARN] PackLoader:240 - Cannot read IP mode file for WES.I-CUBE-Cesium.1.3.0
2025-08-11 18:09:59,036 [WARN] PackLoader:240 - Cannot read IP mode file for STMicroelectronics.X-CUBE-BLE2.3.3.0
2025-08-11 18:09:59,050 [WARN] PackLoader:240 - Cannot read IP mode file for STMicroelectronics.X-CUBE-NFC9.1.0.0
2025-08-11 18:09:59,068 [WARN] PackLoader:240 - Cannot read IP mode file for wolfSSL.I-CUBE-wolfSSL.5.8.2
2025-08-11 18:09:59,090 [WARN] PackLoader:240 - Cannot read IP mode file for STMicroelectronics.X-CUBE-BLE1.7.1.0
2025-08-11 18:09:59,098 [WARN] PackLoader:240 - Cannot read IP mode file for wolfSSL.I-CUBE-wolfMQTT.1.19.2
2025-08-11 18:09:59,110 [WARN] PackLoader:240 - Cannot read IP mode file for STMicroelectronics.X-CUBE-EEPRMA1.5.2.0
2025-08-11 18:09:59,137 [WARN] PackLoader:240 - Cannot read IP mode file for STMicroelectronics.X-CUBE-AZRTOS-G0.1.1.0
2025-08-11 18:09:59,153 [WARN] PackLoader:240 - Cannot read IP mode file for STMicroelectronics.X-CUBE-SAFEA1.1.2.2
2025-08-11 18:09:59,162 [WARN] PackLoader:240 - Cannot read IP mode file for STMicroelectronics.X-CUBE-NFC4.3.0.0
2025-08-11 18:09:59,177 [WARN] PackLoader:240 - Cannot read IP mode file for EmbeddedOffice.I-CUBE-FS-RTOS.1.0.1
2025-08-11 18:09:59,192 [WARN] PackLoader:240 - Cannot read IP mode file for STMicroelectronics.X-CUBE-WB05N.2.0.0
2025-08-11 18:09:59,199 [WARN] PackLoader:240 - Cannot read IP mode file for wolfSSL.I-CUBE-wolfTPM.3.8.0
2025-08-11 18:09:59,213 [WARN] PackLoader:240 - Cannot read IP mode file for STMicroelectronics.X-CUBE-TCPP.4.2.0
2025-08-11 18:09:59,226 [WARN] PackLoader:240 - Cannot read IP mode file for RealThread.X-CUBE-RT-Thread_Nano.4.1.1
2025-08-11 18:09:59,231 [WARN] PackLoader:240 - Cannot read IP mode file for STMicroelectronics.FP-ATR-SIGFOX1.3.2.0
2025-08-11 18:09:59,241 [WARN] PackLoader:240 - Cannot read IP mode file for ITTIA_DB.I-CUBE-ITTIADB.8.9.0
2025-08-11 18:09:59,250 [WARN] PackLoader:240 - Cannot read IP mode file for STMicroelectronics.X-CUBE-ST67W61.1.0.0
2025-08-11 18:09:59,257 [WARN] PackLoader:240 - Cannot read IP mode file for STMicroelectronics.X-CUBE-AI.10.2.0
2025-08-11 18:09:59,297 [WARN] PackLoader:240 - Cannot read IP mode file for SEGGER.I-CUBE-embOS.1.3.1
2025-08-11 18:09:59,387 [WARN] PackLoader:240 - Cannot read IP mode file for STMicroelectronics.X-CUBE-ALGOBUILD.1.4.0
2025-08-11 18:09:59,454 [WARN] PackLoader:240 - Cannot read IP mode file for STMicroelectronics.X-CUBE-MEMS1.11.3.0
2025-08-11 18:09:59,673 [WARN] PackLoader:240 - Cannot read IP mode file for STMicroelectronics.X-CUBE-PM33A1.1.0.0
2025-08-11 18:09:59,698 [WARN] PackLoader:240 - Cannot read IP mode file for STMicroelectronics.X-CUBE-AZRTOS-F4.1.1.0
2025-08-11 18:09:59,708 [WARN] PackLoader:240 - Cannot read IP mode file for Avnet-IotConnect.X-CUBE-IoTC-DA16k-PMOD.1.0.0
2025-08-11 18:09:59,714 [WARN] PackLoader:240 - Cannot read IP mode file for STMicroelectronics.X-CUBE-ISPU.2.1.0
2025-08-11 18:09:59,726 [WARN] PackLoader:240 - Cannot read IP mode file for STMicroelectronics.X-CUBE-NFC12.1.0.0
2025-08-11 18:09:59,750 [WARN] PackLoader:240 - Cannot read IP mode file for STMicroelectronics.X-CUBE-AZRTOS-L5.2.0.0
2025-08-11 18:09:59,790 [WARN] PackLoader:240 - Cannot read IP mode file for STMicroelectronics.X-CUBE-NFC6.3.1.0
2025-08-11 18:09:59,819 [WARN] PackLoader:240 - Cannot read IP mode file for STMicroelectronics.X-CUBE-FREERTOS.1.3.1
2025-08-11 18:09:59,842 [WARN] PackLoader:240 - Cannot read IP mode file for STMicroelectronics.FP-SNS-STAIOTCFT.1.0.0
2025-08-11 18:09:59,852 [WARN] PackLoader:240 - Cannot read IP mode file for STMicroelectronics.X-CUBE-DPower.1.3.0
2025-08-11 18:09:59,883 [WARN] ConditionMgr:438 - getConditionDescription Invalid condition id : LAN8742 Phy interface Condition cause : null
2025-08-11 18:09:59,884 [WARN] PackLoader:240 - Cannot read IP mode file for STMicroelectronics.X-CUBE-AZRTOS-L4.2.0.0
2025-08-11 18:09:59,888 [WARN] ConditionMgr:1044 - genDependencies : Invalid condition id : LAN8742 Phy interface Condition cause : null
2025-08-11 18:09:59,888 [WARN] ConditionMgr:1044 - genDependencies : Invalid condition id : LAN8742 Phy interface Condition cause : null
2025-08-11 18:09:59,889 [WARN] ConditionMgr:1044 - genDependencies : Invalid condition id : LAN8742 Phy interface Condition cause : null
2025-08-11 18:09:59,911 [WARN] PackLoader:240 - Cannot read IP mode file for STMicroelectronics.X-CUBE-SFXS2LP1.4.0.0
2025-08-11 18:09:59,933 [WARN] PackLoader:240 - Cannot read IP mode file for STMicroelectronics.X-CUBE-BLEMGR.4.1.0
2025-08-11 18:09:59,960 [WARN] ConditionMgr:438 - getConditionDescription Invalid condition id : UX DEVICE CLASS RTOS Condition cause : null
2025-08-11 18:09:59,961 [WARN] ConditionMgr:438 - getConditionDescription Invalid condition id : UX DEVICE CLASS RTOS Condition cause : null
2025-08-11 18:09:59,963 [WARN] PackLoader:240 - Cannot read IP mode file for STMicroelectronics.X-CUBE-AZRTOS-WB.2.0.0
2025-08-11 18:09:59,966 [WARN] ConditionMgr:1044 - genDependencies : Invalid condition id : UX DEVICE CLASS RTOS Condition cause : null
2025-08-11 18:09:59,966 [WARN] ConditionMgr:1044 - genDependencies : Invalid condition id : UX DEVICE CLASS RTOS Condition cause : null
2025-08-11 18:09:59,966 [WARN] ConditionMgr:1044 - genDependencies : Invalid condition id : UX DEVICE CLASS RTOS Condition cause : null
2025-08-11 18:09:59,966 [WARN] ConditionMgr:1044 - genDependencies : Invalid condition id : UX DEVICE CLASS RTOS Condition cause : null
2025-08-11 18:09:59,966 [WARN] ConditionMgr:1044 - genDependencies : Invalid condition id : UX DEVICE CLASS RTOS Condition cause : null
2025-08-11 18:09:59,977 [WARN] PackLoader:240 - Cannot read IP mode file for STMicroelectronics.X-CUBE-GNSS1.7.0.1
2025-08-11 18:09:59,984 [WARN] PackLoader:240 - Cannot read IP mode file for STMicroelectronics.X-CUBE-TOUCHGFX.4.25.0
2025-08-11 18:10:00,003 [WARN] PackLoader:240 - Cannot read IP mode file for STMicroelectronics.FP-SNS-STBOX1.2.0.0
2025-08-11 18:10:00,012 [WARN] ConditionMgr:438 - getConditionDescription Invalid condition id : Cortex-A Device cause : null
2025-08-11 18:10:00,049 [WARN] ConditionMgr:1044 - genDependencies : Invalid condition id : Cortex-A Device cause : null
2025-08-11 18:10:00,049 [WARN] ConditionMgr:1044 - genDependencies : Invalid condition id : Cortex-A Device cause : null
2025-08-11 18:10:00,049 [WARN] ConditionMgr:1044 - genDependencies : Invalid condition id : Cortex-A Device cause : null
2025-08-11 18:10:00,079 [WARN] PackLoader:240 - Cannot read IP mode file for STMicroelectronics.X-CUBE-SUBG2.5.0.0
2025-08-11 18:10:00,109 [WARN] PackLoader:240 - Cannot read IP mode file for STMicroelectronics.X-CUBE-AZRTOS-H7RS.1.1.0
2025-08-11 18:10:00,122 [WARN] PackLoader:240 - Cannot read IP mode file for Cesanta.I-CUBE-Mongoose.7.13.0
2025-08-11 18:10:00,142 [WARN] PackLoader:240 - Cannot read IP mode file for STMicroelectronics.X-CUBE-AZRTOS-G4.2.0.0
2025-08-11 18:10:00,149 [WARN] PackLoader:240 - Cannot read IP mode file for wolfSSL.I-CUBE-wolfSSH.1.4.20
2025-08-11 18:10:00,157 [WARN] PackLoader:240 - Cannot read IP mode file for STMicroelectronics.X-CUBE-NFC7.2.0.0
2025-08-11 18:10:00,173 [WARN] PackLoader:240 - Cannot read IP mode file for STMicroelectronics.X-CUBE-IPS.3.1.0
2025-08-11 18:10:00,186 [WARN] PackLoader:240 - Cannot read IP mode file for STMicroelectronics.X-CUBE-ALS.1.0.2
2025-08-11 18:10:00,194 [WARN] PackLoader:240 - Cannot read IP mode file for portGmbH.I-Cube-SoM-uGOAL.1.1.0
2025-08-11 18:10:00,209 [WARN] PackLoader:240 - Cannot read IP mode file for STMicroelectronics.X-CUBE-TOF1.3.4.3
2025-08-11 18:10:00,224 [INFO] ThirdParty:978 - Integrity check success = true
2025-08-11 18:10:00,224 [INFO] IntegrityCheckThread:100 - exiting critical section [integrity check]
2025-08-11 18:10:00,224 [INFO] IntegrityCheckThread:103 - End integrity checks thread
2025-08-11 20:32:45,217 [ERROR] LogOutputStream:75 - [STDERR_REDIRECT] 
2025-08-11 20:32:45,218 [ERROR] LogOutputStream:75 - [STDERR_REDIRECT] 
